Log file open, 08/02/18 17:09:44
LogWindows: Failed to load 'aqProf.dll' (GetLastError=126)
LogWindows: File 'aqProf.dll' does not exist
LogWindows: Failed to load 'VtuneApi.dll' (GetLastError=126)
LogWindows: File 'VtuneApi.dll' does not exist
LogWindows: Failed to load 'VtuneApi32e.dll' (GetLastError=126)
LogWindows: File 'VtuneApi32e.dll' does not exist
LogInit: Display: Running engine for game: pinball
LogPlatformFile: Not using cached read wrapper
LogInit: Display: RandInit(48754155) SRandInit(48754155).
LogInit: Read version file with build ID '3944462'
LogInit: Overriding engine version to CL 4033788, compatible CL 3944462
LogInit: Registered custom module enumerator with build ID '3944462'
LogTaskGraph: Started task graph with 5 named threads and 11 total threads with 3 sets of task threads.
LogStats: Stats thread started at 0.157220
LogD3D11RHI: Aftermath initialized
LogICUInternationalization: Display: ICU TimeZone Detection - Raw Offset: -5:00, Platform Override: ''
LogModuleManager: Display: Found up-to-date module file ../../../Engine/Plugins/2D/Paper2D/Binaries/Win64/UE4Editor-Paper2D.dll (API version 3944462).
LogModuleManager: Display: Found up-to-date module file ../../../Engine/Plugins/2D/Paper2D/Binaries/Win64/UE4Editor-Paper2DEditor.dll (API version 3944462).
LogModuleManager: Display: Found up-to-date module file ../../../Engine/Plugins/2D/Paper2D/Binaries/Win64/UE4Editor-PaperSpriteSheetImporter.dll (API version 3944462).
LogModuleManager: Display: Found up-to-date module file ../../../Engine/Plugins/2D/Paper2D/Binaries/Win64/UE4Editor-PaperTiledImporter.dll (API version 3944462).
LogModuleManager: Display: Found up-to-date module file ../../../Engine/Plugins/2D/Paper2D/Binaries/Win64/UE4Editor-SmartSnapping.dll (API version 3944462).
LogModuleManager: Display: Found up-to-date module file ../../../Engine/Plugins/Blendables/LightPropagationVolume/Binaries/Win64/UE4Editor-LightPropagationVolumeRuntime.dll (API version 3944462).
LogModuleManager: Display: Found up-to-date module file ../../../Engine/Plugins/Blendables/LightPropagationVolume/Binaries/Win64/UE4Editor-LightPropagationVolumeEditor.dll (API version 3944462).
LogModuleManager: Display: Found up-to-date module file ../../../Engine/Plugins/Developer/CLionSourceCodeAccess/Binaries/Win64/UE4Editor-CLionSourceCodeAccess.dll (API version 3944462).
LogModuleManager: Display: Found up-to-date module file ../../../Engine/Plugins/Developer/GitSourceControl/Binaries/Win64/UE4Editor-GitSourceControl.dll (API version 3944462).
LogModuleManager: Display: Found up-to-date module file ../../../Engine/Plugins/Developer/PerforceSourceControl/Binaries/Win64/UE4Editor-PerforceSourceControl.dll (API version 3944462).
LogModuleManager: Display: Found up-to-date module file ../../../Engine/Plugins/Developer/SubversionSourceControl/Binaries/Win64/UE4Editor-SubversionSourceControl.dll (API version 3944462).
LogModuleManager: Display: Found up-to-date module file ../../../Engine/Plugins/Developer/UObjectPlugin/Binaries/Win64/UE4Editor-UObjectPlugin.dll (API version 3944462).
LogModuleManager: Display: Found up-to-date module file ../../../Engine/Plugins/Developer/VisualStudioCodeSourceCodeAccess/Binaries/Win64/UE4Editor-VisualStudioCodeSourceCodeAccess.dll (API version 3944462).
LogModuleManager: Display: Found up-to-date module file ../../../Engine/Plugins/Developer/VisualStudioSourceCodeAccess/Binaries/Win64/UE4Editor-VisualStudioSourceCodeAccess.dll (API version 3944462).
LogModuleManager: Display: Found up-to-date module file ../../../Engine/Plugins/Editor/AssetManagerEditor/Binaries/Win64/UE4Editor-AssetManagerEditor.dll (API version 3944462).
LogModuleManager: Display: Found up-to-date module file ../../../Engine/Plugins/Editor/CryptoKeys/Binaries/Win64/UE4Editor-CryptoKeys.dll (API version 3944462).
LogModuleManager: Display: Found up-to-date module file ../../../Engine/Plugins/Editor/CryptoKeys/Binaries/Win64/UE4Editor-CryptoKeysOpenSSL.dll (API version 3944462).
LogModuleManager: Display: Found up-to-date module file ../../../Engine/Plugins/Editor/DataValidation/Binaries/Win64/UE4Editor-DataValidation.dll (API version 3944462).
LogModuleManager: Display: Found up-to-date module file ../../../Engine/Plugins/Editor/FacialAnimation/Binaries/Win64/UE4Editor-FacialAnimation.dll (API version 3944462).
LogModuleManager: Display: Found up-to-date module file ../../../Engine/Plugins/Editor/FacialAnimation/Binaries/Win64/UE4Editor-FacialAnimationEditor.dll (API version 3944462).
LogModuleManager: Display: Found up-to-date module file ../../../Engine/Plugins/Editor/GameplayTagsEditor/Binaries/Win64/UE4Editor-GameplayTagsEditor.dll (API version 3944462).
LogModuleManager: Display: Found up-to-date module file ../../../Engine/Plugins/Editor/MobileLauncherProfileWizard/Binaries/Win64/UE4Editor-MobileLauncherProfileWizard.dll (API version 3944462).
LogModuleManager: Display: Found up-to-date module file ../../../Engine/Plugins/Editor/PluginBrowser/Binaries/Win64/UE4Editor-PluginBrowser.dll (API version 3944462).
LogModuleManager: Display: Found up-to-date module file ../../../Engine/Plugins/Editor/SpeedTreeImporter/Binaries/Win64/UE4Editor-SpeedTreeImporter.dll (API version 3944462).
LogModuleManager: Display: Found up-to-date module file ../../../Engine/Plugins/Enterprise/DatasmithContent/Binaries/Win64/UE4Editor-DatasmithContent.dll (API version 3944462).
LogModuleManager: Display: Found up-to-date module file ../../../Engine/Plugins/Experimental/AlembicImporter/Binaries/Win64/UE4Editor-AlembicImporter.dll (API version 3944462).
LogModuleManager: Display: Found up-to-date module file ../../../Engine/Plugins/Experimental/AlembicImporter/Binaries/Win64/UE4Editor-AlembicLibrary.dll (API version 3944462).
LogModuleManager: Display: Found up-to-date module file ../../../Engine/Plugins/Experimental/CharacterAI/Binaries/Win64/UE4Editor-CharacterAI.dll (API version 3944462).
LogModuleManager: Display: Found up-to-date module file ../../../Engine/Plugins/Experimental/HTML5Networking/Binaries/Win64/UE4Editor-HTML5Networking.dll (API version 3944462).
LogModuleManager: Display: Found up-to-date module file ../../../Engine/Plugins/Media/AndroidMedia/Binaries/Win64/UE4Editor-AndroidMediaEditor.dll (API version 3944462).
LogModuleManager: Display: Found up-to-date module file ../../../Engine/Plugins/Media/AndroidMedia/Binaries/Win64/UE4Editor-AndroidMediaFactory.dll (API version 3944462).
LogModuleManager: Display: Found up-to-date module file ../../../Engine/Plugins/Media/AvfMedia/Binaries/Win64/UE4Editor-AvfMediaEditor.dll (API version 3944462).
LogModuleManager: Display: Found up-to-date module file ../../../Engine/Plugins/Media/AvfMedia/Binaries/Win64/UE4Editor-AvfMediaFactory.dll (API version 3944462).
LogModuleManager: Display: Found up-to-date module file ../../../Engine/Plugins/Media/AvfMedia/Binaries/Win64/UE4Editor-AvfMediaFactory.dll (API version 3944462).
LogModuleManager: Display: Found up-to-date module file ../../../Engine/Plugins/Media/ImgMedia/Binaries/Win64/UE4Editor-ImgMedia.dll (API version 3944462).
LogModuleManager: Display: Found up-to-date module file ../../../Engine/Plugins/Media/ImgMedia/Binaries/Win64/UE4Editor-ImgMediaEditor.dll (API version 3944462).
LogModuleManager: Display: Found up-to-date module file ../../../Engine/Plugins/Media/ImgMedia/Binaries/Win64/UE4Editor-ImgMediaFactory.dll (API version 3944462).
LogModuleManager: Display: Found up-to-date module file ../../../Engine/Plugins/Media/ImgMedia/Binaries/Win64/UE4Editor-ImgMediaFactory.dll (API version 3944462).
LogModuleManager: Display: Found up-to-date module file ../../../Engine/Plugins/Media/ImgMedia/Binaries/Win64/UE4Editor-OpenExrWrapper.dll (API version 3944462).
LogModuleManager: Display: Found up-to-date module file ../../../Engine/Plugins/Media/LinearTimecode/Binaries/Win64/UE4Editor-LinearTimecode.dll (API version 3944462).
LogModuleManager: Display: Found up-to-date module file ../../../Engine/Plugins/Media/MediaCompositing/Binaries/Win64/UE4Editor-MediaCompositing.dll (API version 3944462).
LogModuleManager: Display: Found up-to-date module file ../../../Engine/Plugins/Media/MediaCompositing/Binaries/Win64/UE4Editor-MediaCompositingEditor.dll (API version 3944462).
LogModuleManager: Display: Found up-to-date module file ../../../Engine/Plugins/Media/MediaPlayerEditor/Binaries/Win64/UE4Editor-MediaPlayerEditor.dll (API version 3944462).
LogModuleManager: Display: Found up-to-date module file ../../../Engine/Plugins/Media/WmfMedia/Binaries/Win64/UE4Editor-WmfMedia.dll (API version 3944462).
LogModuleManager: Display: Found up-to-date module file ../../../Engine/Plugins/Media/WmfMedia/Binaries/Win64/UE4Editor-WmfMediaEditor.dll (API version 3944462).
LogModuleManager: Display: Found up-to-date module file ../../../Engine/Plugins/Media/WmfMedia/Binaries/Win64/UE4Editor-WmfMediaFactory.dll (API version 3944462).
LogModuleManager: Display: Found up-to-date module file ../../../Engine/Plugins/Media/WmfMedia/Binaries/Win64/UE4Editor-WmfMediaFactory.dll (API version 3944462).
LogModuleManager: Display: Found up-to-date module file ../../../Engine/Plugins/Messaging/TcpMessaging/Binaries/Win64/UE4Editor-TcpMessaging.dll (API version 3944462).
LogModuleManager: Display: Found up-to-date module file ../../../Engine/Plugins/Messaging/UdpMessaging/Binaries/Win64/UE4Editor-UdpMessaging.dll (API version 3944462).
LogModuleManager: Display: Found up-to-date module file ../../../Engine/Plugins/MovieScene/ActorSequence/Binaries/Win64/UE4Editor-ActorSequence.dll (API version 3944462).
LogModuleManager: Display: Found up-to-date module file ../../../Engine/Plugins/MovieScene/LevelSequenceEditor/Binaries/Win64/UE4Editor-LevelSequenceEditor.dll (API version 3944462).
LogModuleManager: Display: Found up-to-date module file ../../../Engine/Plugins/MovieScene/MatineeToLevelSequence/Binaries/Win64/UE4Editor-MatineeToLevelSequence.dll (API version 3944462).
LogModuleManager: Display: Found up-to-date module file ../../../Engine/Plugins/NetcodeUnitTest/NetcodeUnitTest/Binaries/Win64/UE4Editor-NetcodeUnitTest.dll (API version 3944462).
LogModuleManager: Display: Found up-to-date module file ../../../Engine/Plugins/NetcodeUnitTest/NUTUnrealEngine4/Binaries/Win64/UE4Editor-NUTUnrealEngine4.dll (API version 3944462).
LogModuleManager: Display: Found up-to-date module file ../../../Engine/Plugins/Online/OnlineSubsystem/Binaries/Win64/UE4Editor-OnlineSubsystem.dll (API version 3944462).
LogModuleManager: Display: Found up-to-date module file ../../../Engine/Plugins/Runtime/AndroidPermission/Binaries/Win64/UE4Editor-AndroidPermission.dll (API version 3944462).
LogModuleManager: Display: Found up-to-date module file ../../../Engine/Plugins/Online/OnlineSubsystemNull/Binaries/Win64/UE4Editor-OnlineSubsystemNull.dll (API version 3944462).
LogModuleManager: Display: Found up-to-date module file ../../../Engine/Plugins/Online/OnlineSubsystemUtils/Binaries/Win64/UE4Editor-OnlineSubsystemUtils.dll (API version 3944462).
LogModuleManager: Display: Found up-to-date module file ../../../Engine/Plugins/Online/OnlineSubsystemUtils/Binaries/Win64/UE4Editor-OnlineBlueprintSupport.dll (API version 3944462).
LogModuleManager: Display: Found up-to-date module file ../../../Engine/Plugins/Runtime/AndroidDeviceProfileSelector/Binaries/Win64/UE4Editor-AndroidDeviceProfileSelector.dll (API version 3944462).
LogModuleManager: Display: Found up-to-date module file ../../../Engine/Plugins/Runtime/AppleARKit/Binaries/Win64/UE4Editor-AppleARKit.dll (API version 3944462).
LogModuleManager: Display: Found up-to-date module file ../../../Engine/Plugins/Runtime/ProceduralMeshComponent/Binaries/Win64/UE4Editor-ProceduralMeshComponent.dll (API version 3944462).
LogModuleManager: Display: Found up-to-date module file ../../../Engine/Plugins/Runtime/ProceduralMeshComponent/Binaries/Win64/UE4Editor-ProceduralMeshComponentEditor.dll (API version 3944462).
LogModuleManager: Display: Found up-to-date module file ../../../Engine/Plugins/Animation/LiveLink/Binaries/Win64/UE4Editor-LiveLink.dll (API version 3944462).
LogModuleManager: Display: Found up-to-date module file ../../../Engine/Plugins/Animation/LiveLink/Binaries/Win64/UE4Editor-LiveLinkEditor.dll (API version 3944462).
LogModuleManager: Display: Found up-to-date module file ../../../Engine/Plugins/Runtime/ArchVisCharacter/Binaries/Win64/UE4Editor-ArchVisCharacter.dll (API version 3944462).
LogModuleManager: Display: Found up-to-date module file ../../../Engine/Plugins/Runtime/AudioCapture/Binaries/Win64/UE4Editor-AudioCapture.dll (API version 3944462).
LogModuleManager: Display: Found up-to-date module file ../../../Engine/Plugins/Runtime/AudioCapture/Binaries/Win64/UE4Editor-AudioCaptureEditor.dll (API version 3944462).
LogModuleManager: Display: Found up-to-date module file ../../../Engine/Plugins/Runtime/CableComponent/Binaries/Win64/UE4Editor-CableComponent.dll (API version 3944462).
LogModuleManager: Display: Found up-to-date module file ../../../Engine/Plugins/Runtime/CustomMeshComponent/Binaries/Win64/UE4Editor-CustomMeshComponent.dll (API version 3944462).
LogModuleManager: Display: Found up-to-date module file ../../../Engine/Plugins/Runtime/ExampleDeviceProfileSelector/Binaries/Win64/UE4Editor-ExampleDeviceProfileSelector.dll (API version 3944462).
LogModuleManager: Display: Found up-to-date module file ../../../Engine/Plugins/Runtime/ImmediatePhysics/Binaries/Win64/UE4Editor-ImmediatePhysics.dll (API version 3944462).
LogModuleManager: Display: Found up-to-date module file ../../../Engine/Plugins/Runtime/ImmediatePhysics/Binaries/Win64/UE4Editor-ImmediatePhysicsEditor.dll (API version 3944462).
LogModuleManager: Display: Found up-to-date module file ../../../Engine/Plugins/Runtime/LocationServicesBPLibrary/Binaries/Win64/UE4Editor-LocationServicesBPLibrary.dll (API version 3944462).
LogModuleManager: Display: Found up-to-date module file ../../../Engine/Plugins/Runtime/MobilePatchingUtils/Binaries/Win64/UE4Editor-MobilePatchingUtils.dll (API version 3944462).
LogModuleManager: Display: Found up-to-date module file ../../../Engine/Plugins/Runtime/Oculus/OculusVR/Binaries/Win64/UE4Editor-OculusHMD.dll (API version 3944462).
LogModuleManager: Display: Found up-to-date module file ../../../Engine/Plugins/Runtime/Oculus/OculusVR/Binaries/Win64/UE4Editor-OculusInput.dll (API version 3944462).
LogModuleManager: Display: Found up-to-date module file ../../../Engine/Plugins/Runtime/Oculus/OculusVR/Binaries/Win64/UE4Editor-OculusEditor.dll (API version 3944462).
LogModuleManager: Display: Found up-to-date module file ../../../Engine/Plugins/Runtime/PhysXVehicles/Binaries/Win64/UE4Editor-PhysXVehicles.dll (API version 3944462).
LogModuleManager: Display: Found up-to-date module file ../../../Engine/Plugins/Runtime/PhysXVehicles/Binaries/Win64/UE4Editor-PhysXVehiclesEditor.dll (API version 3944462).
LogModuleManager: Display: Found up-to-date module file ../../../Engine/Plugins/Runtime/RuntimePhysXCooking/Binaries/Win64/UE4Editor-RuntimePhysXCooking.dll (API version 3944462).
LogModuleManager: Display: Found up-to-date module file ../../../Engine/Plugins/Runtime/Steam/SteamVR/Binaries/Win64/UE4Editor-SteamVR.dll (API version 3944462).
LogModuleManager: Display: Found up-to-date module file ../../../Engine/Plugins/Runtime/Steam/SteamVR/Binaries/Win64/UE4Editor-SteamVRController.dll (API version 3944462).
LogModuleManager: Display: Found up-to-date module file ../../../Engine/Plugins/Runtime/WindowsMoviePlayer/Binaries/Win64/UE4Editor-WindowsMoviePlayer.dll (API version 3944462).
LogPluginManager: Mounting plugin Paper2D
LogPluginManager: Mounting plugin LiveLink
LogPluginManager: Mounting plugin LightPropagationVolume
LogPluginManager: Mounting plugin CLionSourceCodeAccess
LogPluginManager: Mounting plugin CodeLiteSourceCodeAccess
LogPluginManager: Mounting plugin GitSourceControl
LogPluginManager: Mounting plugin KDevelopSourceCodeAccess
LogPluginManager: Mounting plugin NullSourceCodeAccess
LogPluginManager: Mounting plugin PerforceSourceControl
LogPluginManager: Mounting plugin SubversionSourceControl
LogPluginManager: Mounting plugin UObjectPlugin
LogPluginManager: Mounting plugin VisualStudioCodeSourceCodeAccess
LogPluginManager: Mounting plugin VisualStudioSourceCodeAccess
LogPluginManager: Mounting plugin XCodeSourceCodeAccess
LogPluginManager: Mounting plugin AssetManagerEditor
LogPluginManager: Mounting plugin CryptoKeys
LogPluginManager: Mounting plugin DataValidation
LogPluginManager: Mounting plugin FacialAnimation
LogPluginManager: Mounting plugin GameplayTagsEditor
LogPluginManager: Mounting plugin MobileLauncherProfileWizard
LogPluginManager: Mounting plugin PluginBrowser
LogPluginManager: Mounting plugin SpeedTreeImporter
LogPluginManager: Mounting plugin DatasmithContent
LogPluginManager: Mounting plugin AlembicImporter
LogPluginManager: Mounting plugin CharacterAI
LogPluginManager: Mounting plugin HTML5Networking
LogPluginManager: Mounting plugin AndroidMedia
LogPluginManager: Mounting plugin AvfMedia
LogPluginManager: Mounting plugin ImgMedia
LogPluginManager: Mounting plugin LinearTimecode
LogPluginManager: Mounting plugin MediaCompositing
LogPluginManager: Mounting plugin MediaPlayerEditor
LogPluginManager: Mounting plugin WmfMedia
LogPluginManager: Mounting plugin TcpMessaging
LogPluginManager: Mounting plugin UdpMessaging
LogPluginManager: Mounting plugin ActorSequence
LogPluginManager: Mounting plugin LevelSequenceEditor
LogPluginManager: Mounting plugin MatineeToLevelSequence
LogPluginManager: Mounting plugin NetcodeUnitTest
LogPluginManager: Mounting plugin NUTUnrealEngine4
LogPluginManager: Mounting plugin OnlineSubsystemGooglePlay
LogPluginManager: Mounting plugin OnlineSubsystemIOS
LogPluginManager: Mounting plugin OnlineSubsystem
LogPluginManager: Mounting plugin OnlineSubsystemNull
LogPluginManager: Mounting plugin OnlineSubsystemUtils
LogPluginManager: Mounting plugin AndroidDeviceProfileSelector
LogPluginManager: Mounting plugin AndroidMoviePlayer
LogPluginManager: Mounting plugin AndroidPermission
LogPluginManager: Mounting plugin AppleARKit
LogPluginManager: Mounting plugin AppleMoviePlayer
LogPluginManager: Mounting plugin ArchVisCharacter
LogPluginManager: Mounting plugin AudioCapture
LogPluginManager: Mounting plugin CableComponent
LogPluginManager: Mounting plugin CustomMeshComponent
LogPluginManager: Mounting plugin ExampleDeviceProfileSelector
LogPluginManager: Mounting plugin GoogleCloudMessaging
LogPluginManager: Mounting plugin ImmediatePhysics
LogPluginManager: Mounting plugin IOSDeviceProfileSelector
LogPluginManager: Mounting plugin LinuxDeviceProfileSelector
LogPluginManager: Mounting plugin LocationServicesBPLibrary
LogPluginManager: Mounting plugin MobilePatchingUtils
LogPluginManager: Mounting plugin OculusVR
LogPluginManager: Plugin shader directory ../../../Engine/Plugins/Runtime/Oculus/OculusVR/Shaders found
LogPluginManager: Mapping shader source directory ../../../Engine/Plugins/Runtime/Oculus/OculusVR/Shaders to virtual directory /Plugin/OculusVR
LogPluginManager: Mounting plugin PhysXVehicles
LogPluginManager: Mounting plugin ProceduralMeshComponent
LogPluginManager: Mounting plugin RuntimePhysXCooking
LogPluginManager: Mounting plugin SteamVR
LogPluginManager: Mounting plugin WindowsMoviePlayer
LogStreaming: Display: Took  0.685s to configure plugins.
LogInit: Using libcurl 7.47.1
LogInit:  - built for x86_64-pc-win32
LogInit:  - supports SSL with OpenSSL/1.0.2g
LogInit:  - supports HTTP deflate (compression) using libz 1.2.8
LogInit:  - other features:
LogInit:      CURL_VERSION_SSL
LogInit:      CURL_VERSION_LIBZ
LogInit:      CURL_VERSION_IPV6
LogInit:      CURL_VERSION_ASYNCHDNS
LogInit:      CURL_VERSION_LARGEFILE
LogInit:      CURL_VERSION_IDN
LogInit:  CurlRequestOptions (configurable via config and command line):
LogInit:  - bVerifyPeer = false  - Libcurl will NOT verify peer certificate
LogInit:  - bUseHttpProxy = false  - Libcurl will NOT use HTTP proxy
LogInit:  - bDontReuseConnections = false  - Libcurl will reuse connections
LogInit:  - CertBundlePath = nullptr  - Libcurl will use whatever was configured at build time.
LogInit:  - MaxHostConnections = 16  - Libcurl will limit the number of connections to a host
LogInit:  - LocalHostAddr = Default
LogInit: WinSock: version 1.1 (2.2), MaxSocks=32767, MaxUdp=65467
LogInit: WinSock: I am GHEANIMS1017 (10.31.121.83:0)
LogInit: Build: ++UE4+Release-4.19-CL-4033788
LogInit: Engine Version: 4.19.2-4033788+++UE4+Release-4.19
LogInit: Compatible Engine Version: 4.19.0-3944462+++UE4+Release-4.19
LogInit: Net CL: 3944462
LogDevObjectVersion: Number of dev versions registered: 18
LogDevObjectVersion:   Dev-Blueprints (B0D832E4-1F89-4F0D-ACCF-7EB736FD4AA2): 10
LogDevObjectVersion:   Dev-Build (E1C64328-A22C-4D53-A36C-8E866417BD8C): 0
LogDevObjectVersion:   Dev-Core (375EC13C-06E4-48FB-B500-84F0262A717E): 2
LogDevObjectVersion:   Dev-Editor (E4B068ED-F494-42E9-A231-DA0B2E46BB41): 23
LogDevObjectVersion:   Dev-Framework (CFFC743F-43B0-4480-9391-14DF171D2073): 33
LogDevObjectVersion:   Dev-Mobile (B02B49B5-BB20-44E9-A304-32B752E40360): 2
LogDevObjectVersion:   Dev-Networking (A4E4105C-59A1-49B5-A7C5-40C4547EDFEE): 0
LogDevObjectVersion:   Dev-Online (39C831C9-5AE6-47DC-9A44-9C173E1C8E7C): 0
LogDevObjectVersion:   Dev-Physics (78F01B33-EBEA-4F98-B9B4-84EACCB95AA2): 0
LogDevObjectVersion:   Dev-Platform (6631380F-2D4D-43E0-8009-CF276956A95A): 0
LogDevObjectVersion:   Dev-Rendering (12F88B9F-8875-4AFC-A67C-D90C383ABD29): 25
LogDevObjectVersion:   Dev-Sequencer (7B5AE74C-D270-4C10-A958-57980B212A5A): 6
LogDevObjectVersion:   Dev-VR (D7296918-1DD6-4BDD-9DE2-64A83CC13884): 1
LogDevObjectVersion:   Dev-LoadTimes (C2A15278-BFE7-4AFE-6C17-90FF531DF755): 1
LogDevObjectVersion:   Private-Geometry (6EACA3D4-40EC-4CC1-B786-8BED09428FC5): 2
LogDevObjectVersion:   Dev-AnimPhys (29E575DD-E0A3-4627-9D10-D276232CDCEA): 16
LogDevObjectVersion:   Dev-ReflectionCapture (6B266CEC-1EC7-4B8F-A30B-E4D90942FC07): 1
LogDevObjectVersion:   Dev-Automation (0DF73D61-A23F-47EA-B727-89E90C41499A): 1
LogInit: Compiled (64-bit): Apr 27 2018 02:06:57
LogInit: Compiled with Visual C++: 19.00.24215.01
LogInit: Build Configuration: Development
LogInit: Branch Name: ++UE4+Release-4.19
LogInit: Command Line: 
LogInit: Base Directory: C:/and_web_assets/UE/UE_4.19/Engine/Binaries/Win64/
LogInit: Installed Engine Build: 1
LogStreaming: Display: Took  0.003s to delete old logs.
LogInit: Presizing for max 8388607 objects, including 0 objects not considered by GC, pre-allocating 0 bytes for permanent pool.
LogInit: Object subsystem initialized
[2018.08.02-21.09.45:882][  0]LogInit: Selected Device Profile: [Windows]
[2018.08.02-21.09.45:882][  0]LogInit: Applying CVar settings loaded from the selected device profile: [Windows]
[2018.08.02-21.09.45:910][  0]LogInit: Computer: GHEANIMS1017
[2018.08.02-21.09.45:910][  0]LogInit: User: f000zsb
[2018.08.02-21.09.45:910][  0]LogInit: CPU Page size=4096, Cores=2
[2018.08.02-21.09.45:910][  0]LogInit: High frequency timer resolution =2.835937 MHz
[2018.08.02-21.09.45:910][  0]LogMemory: Memory total: Physical=15.7GB (16GB approx)
[2018.08.02-21.09.45:910][  0]LogMemory: Platform Memory Stats for Windows
[2018.08.02-21.09.45:911][  0]LogMemory: Process Physical Memory: 274.00 MB used, 274.00 MB peak
[2018.08.02-21.09.45:911][  0]LogMemory: Process Virtual Memory: 266.04 MB used, 266.04 MB peak
[2018.08.02-21.09.45:911][  0]LogMemory: Physical Memory: 6522.49 MB used,  9508.36 MB free, 16030.85 MB total
[2018.08.02-21.09.45:911][  0]LogMemory: Virtual Memory: 685.37 MB used,  9508.36 MB free, 134217728.00 MB total
[2018.08.02-21.09.45:933][  0]LogInit: Using OS detected language (en-US).
[2018.08.02-21.09.45:933][  0]LogInit: Using OS detected locale (en-US).
[2018.08.02-21.09.45:936][  0]LogTextLocalizationManager: No specific localization for 'en-US' exists, so the 'en' localization will be used.
[2018.08.02-21.09.46:303][  0]LogStreaming: Display: Took  0.370s to EndInitTextLocalization.
[2018.08.02-21.09.46:303][  0]LogInit: Setting process to per monitor DPI aware
[2018.08.02-21.09.46:339][  0]LogSlate: New Slate User Created.  User Index 0, Is Virtual User: 0
[2018.08.02-21.09.46:339][  0]LogSlate: Slate User Registered.  User Index 0, Is Virtual User: 0
[2018.08.02-21.09.46:524][  0]LogD3D11RHI: D3D11 adapters:
[2018.08.02-21.09.46:531][  0]LogD3D11RHI:    0. 'Intel(R) HD Graphics 620' (Feature Level 11_0)
[2018.08.02-21.09.46:531][  0]LogD3D11RHI:       128/0/8015 MB DedicatedVideo/DedicatedSystem/SharedSystem, Outputs:1, VendorId:0x8086
[2018.08.02-21.09.46:533][  0]LogD3D11RHI:    1. 'Microsoft Basic Render Driver' (Feature Level 11_0)
[2018.08.02-21.09.46:533][  0]LogD3D11RHI:       0/0/8015 MB DedicatedVideo/DedicatedSystem/SharedSystem, Outputs:0, VendorId:0x1414
[2018.08.02-21.09.46:535][  0]LogD3D11RHI:    2. 'Microsoft Basic Render Driver' (Feature Level 11_0)
[2018.08.02-21.09.46:535][  0]LogD3D11RHI:       0/0/8015 MB DedicatedVideo/DedicatedSystem/SharedSystem, Outputs:0, VendorId:0x1414
[2018.08.02-21.09.46:535][  0]LogD3D11RHI: Chosen D3D11 Adapter: 0
[2018.08.02-21.09.46:541][  0]LogD3D11RHI: Creating new Direct3DDevice
[2018.08.02-21.09.46:541][  0]LogD3D11RHI:     GPU DeviceId: 0x5916 (for the marketing name, search the web for "GPU Device Id")
[2018.08.02-21.09.46:541][  0]LogWindows: EnumDisplayDevices:
[2018.08.02-21.09.46:541][  0]LogWindows:    0. 'Intel(R) HD Graphics 620' (P:1 D:1)
[2018.08.02-21.09.46:542][  0]LogWindows:    1. 'Intel(R) HD Graphics 620' (P:0 D:0)
[2018.08.02-21.09.46:542][  0]LogWindows:    2. 'Intel(R) HD Graphics 620' (P:0 D:0)
[2018.08.02-21.09.46:542][  0]LogWindows:    3. 'DisplayLink USB Device' (P:0 D:0)
[2018.08.02-21.09.46:542][  0]LogWindows:    4. 'DisplayLink USB Device' (P:0 D:0)
[2018.08.02-21.09.46:542][  0]LogWindows:    5. 'LANDesk Remote Control Mirror Driver' (P:0 D:0)
[2018.08.02-21.09.46:542][  0]LogWindows: DebugString: GetVideoDriverDetailsInvalid PrimaryIsNotTheChoosenAdapter GetVideoDriverDetailsInvalid PrimaryIsNotTheChoosenAdapter GetVideoDriverDetailsInvalid PrimaryIsNotTheChoosenAdapter GetVideoDriverDetailsInvalid PrimaryIsNotTheChoosenAdapter GetVideoDriverDetailsInvalid PrimaryIsNotTheChoosenAdapter GetVideoDriverDetailsInvalid PrimaryIsNotTheChoosenAdapter FoundDriverCount:0 
[2018.08.02-21.09.46:542][  0]LogD3D11RHI:     Adapter Name: Intel(R) HD Graphics 620
[2018.08.02-21.09.46:542][  0]LogD3D11RHI:   Driver Version: Unknown (internal:Unknown, unified:Unknown)
[2018.08.02-21.09.46:542][  0]LogD3D11RHI:      Driver Date: Unknown
[2018.08.02-21.09.46:542][  0]LogRHI: Texture pool is 1523 MB (70% of 2176 MB)
[2018.08.02-21.09.46:548][  0]LogD3D11RHI: Async texture creation enabled
[2018.08.02-21.09.46:553][  0]LogD3D11RHI: GPU Timing Frequency: 12.000000 (Debug: 2 0)
[2018.08.02-21.09.46:554][  0]LogShaderCompilers: Guid format shader working directory is 20 characters bigger than the processId version (../../../../Projects/pinball/Intermediate/Shaders/WorkingDirectory/5692/).
[2018.08.02-21.09.46:554][  0]LogShaderCompilers: Cleaned the shader compiler working directory 'C:/Users/f000zsb/AppData/Local/Temp/UnrealShaderWorkingDir/F464D031434D4A0C1E96469AAD1864C5/'.
[2018.08.02-21.09.46:746][  0]LogTemp: Display: Loaded TP AllDesktopTargetPlatform
[2018.08.02-21.09.46:758][  0]LogTemp: Display: Loaded TP MacClientTargetPlatform
[2018.08.02-21.09.46:769][  0]LogTemp: Display: Loaded TP MacNoEditorTargetPlatform
[2018.08.02-21.09.46:781][  0]LogTemp: Display: Loaded TP MacServerTargetPlatform
[2018.08.02-21.09.46:795][  0]LogTemp: Display: Loaded TP MacTargetPlatform
[2018.08.02-21.09.46:806][  0]LogTemp: Display: Loaded TP WindowsClientTargetPlatform
[2018.08.02-21.09.46:819][  0]LogTemp: Display: Loaded TP WindowsNoEditorTargetPlatform
[2018.08.02-21.09.46:830][  0]LogTemp: Display: Loaded TP WindowsServerTargetPlatform
[2018.08.02-21.09.46:835][  0]LogTemp: Display: Loaded TP WindowsTargetPlatform
[2018.08.02-21.09.46:845][  0]LogTemp: Display: Loaded TP Android_ASTCTargetPlatform
[2018.08.02-21.09.46:857][  0]LogTemp: Display: Loaded TP Android_ATCTargetPlatform
[2018.08.02-21.09.46:867][  0]LogTemp: Display: Loaded TP Android_DXTTargetPlatform
[2018.08.02-21.09.46:881][  0]LogTemp: Display: Loaded TP Android_ETC1aTargetPlatform
[2018.08.02-21.09.46:891][  0]LogTemp: Display: Loaded TP Android_ETC1TargetPlatform
[2018.08.02-21.09.46:901][  0]LogTemp: Display: Loaded TP Android_ETC2TargetPlatform
[2018.08.02-21.09.46:923][  0]LogTemp: Display: Loaded TP Android_MultiTargetPlatform
[2018.08.02-21.09.46:923][  0]LogTemp: Display: Loaded TP Android_PVRTCTargetPlatform
[2018.08.02-21.09.46:932][  0]LogTemp: Display: Loaded TP AndroidTargetPlatform
[2018.08.02-21.09.46:933][  0]LogTemp: Display: Loaded TP HTML5TargetPlatform
[2018.08.02-21.09.46:967][  0]LogTemp: Display: Loaded TP IOSTargetPlatform
[2018.08.02-21.09.46:977][  0]LogTemp: Display: Loaded TP TVOSTargetPlatform
[2018.08.02-21.09.46:989][  0]LogTemp: Display: Loaded TP LinuxClientTargetPlatform
[2018.08.02-21.09.46:998][  0]LogTemp: Display: Loaded TP LinuxNoEditorTargetPlatform
[2018.08.02-21.09.47:009][  0]LogTemp: Display: Loaded TP LinuxServerTargetPlatform
[2018.08.02-21.09.47:020][  0]LogTemp: Display: Loaded TP LinuxTargetPlatform
[2018.08.02-21.09.47:020][  0]LogTargetPlatformManager: Display: Building Assets For Windows
[2018.08.02-21.09.47:099][  0]LogXGEController: Cleaning working directory: C:/Users/f000zsb/AppData/Local/Temp/UnrealXGEWorkingDir/
[2018.08.02-21.09.47:099][  0]LogXGEController: Cannot use XGE Controller as Incredibuild is not installed on this machine.
[2018.08.02-21.09.47:099][  0]LogShaderCompilers: Cannot use XGE Shader Compiler as Incredibuild is not installed on this machine.
[2018.08.02-21.09.47:099][  0]LogShaderCompilers: Display: Using Local Shader Compiler.
[2018.08.02-21.09.47:693][  0]LogDerivedDataCache: Display: Max Cache Size: 512 MB
[2018.08.02-21.09.47:746][  0]LogDerivedDataCache: Loaded boot cache 0.05s 74MB C:/Users/f000zsb/AppData/Local/UnrealEngine/4.19/DerivedDataCache/Boot.ddc.
[2018.08.02-21.09.47:746][  0]LogDerivedDataCache: Display: Loaded Boot cache: C:/Users/f000zsb/AppData/Local/UnrealEngine/4.19/DerivedDataCache/Boot.ddc
[2018.08.02-21.09.47:746][  0]LogDerivedDataCache: FDerivedDataBackendGraph:  Pak pak cache file ../../../../Projects/pinball/DerivedDataCache/DDC.ddp not found, will not use a pak cache.
[2018.08.02-21.09.47:746][  0]LogDerivedDataCache: Unable to find inner node Pak for hierarchical cache Hierarchy.
[2018.08.02-21.09.47:747][  0]LogDerivedDataCache: FDerivedDataBackendGraph:  CompressedPak pak cache file ../../../../Projects/pinball/DerivedDataCache/Compressed.ddp not found, will not use a pak cache.
[2018.08.02-21.09.47:747][  0]LogDerivedDataCache: Unable to find inner node CompressedPak for hierarchical cache Hierarchy.
[2018.08.02-21.09.47:760][  0]LogDerivedDataCache: Display: Pak cache opened for reading ../../../Engine/DerivedDataCache/Compressed.ddp.
[2018.08.02-21.09.47:772][  0]LogDerivedDataCache: Using Local data cache path C:/Users/f000zsb/AppData/Local/UnrealEngine/Common/DerivedDataCache: Writable
[2018.08.02-21.09.47:772][  0]LogDerivedDataCache: Shared data cache path not found in *engine.ini, will not use an Shared cache.
[2018.08.02-21.09.47:772][  0]LogDerivedDataCache: Unable to find inner node Shared for hierarchical cache Hierarchy.
[2018.08.02-21.09.47:784][  0]LogMaterial: Verifying Global Shaders for PCD3D_SM5
[2018.08.02-21.09.47:785][  0]LogSlate: Using Freetype 2.6.0
[2018.08.02-21.09.47:785][  0]LogSlate: SlateFontCache - WITH_FREETYPE: 1, WITH_HARFBUZZ: 1
[2018.08.02-21.09.47:785][  0]LogSlate: SlateFontCache - WITH_FREETYPE: 1, WITH_HARFBUZZ: 1
[2018.08.02-21.09.47:882][  0]LogAssetRegistry: FAssetRegistry took 0.0258 seconds to start up
[2018.08.02-21.09.48:143][  0]LogInit: Selected Device Profile: [Windows]
[2018.08.02-21.09.48:198][  0]LogSimplygon: Simplygon DLL not present - disabling.
[2018.08.02-21.09.48:201][  0]LogMeshReduction: Using SimplygonSwarm for distributed automatic mesh merging
[2018.08.02-21.09.48:201][  0]LogMeshReduction: Using QuadricMeshReduction for automatic static mesh reduction
[2018.08.02-21.09.48:201][  0]LogMeshReduction: No automatic skeletal mesh reduction module available
[2018.08.02-21.09.48:201][  0]LogMeshReduction: No automatic mesh merging module available
[2018.08.02-21.09.48:201][  0]LogMeshMerging: No automatic mesh merging module available
[2018.08.02-21.09.48:294][  0]LogNetVersion: pinball , NetCL: 3944462, EngineNetVer: 2, GameNetVer: 0 (Checksum: 3476590221)
[2018.08.02-21.09.48:683][  0]LogPackageLocalizationCache: Processed 9 localized package path(s) for 2 prioritized culture(s) in 0.064907 seconds
[2018.08.02-21.09.48:687][  0]LogUObjectArray: 36728 objects as part of root set at end of initial load.
[2018.08.02-21.09.48:687][  0]LogUObjectAllocator: 7314304 out of 0 bytes used by permanent object pool.
[2018.08.02-21.09.48:687][  0]LogUObjectArray: CloseDisregardForGC: 0/0 objects in disregard for GC pool
[2018.08.02-21.09.50:406][  0]LogTcpMessaging: Initializing TcpMessaging bridge
[2018.08.02-21.09.50:433][  0]LogUdpMessaging: Initializing bridge on interface 0.0.0.0:0 to multicast group 230.0.0.1:6666.
[2018.08.02-21.09.50:751][  0]SourceControl: Source control is disabled
[2018.08.02-21.09.50:751][  0]SourceControl: Source control is disabled
[2018.08.02-21.09.50:764][  0]SourceControl: Source control is disabled
[2018.08.02-21.09.50:776][  0]SourceControl: Source control is disabled
[2018.08.02-21.09.51:177][  0]LogAndroidPermission: UAndroidPermissionCallbackProxy::GetInstance
[2018.08.02-21.09.51:327][  0]LogOcInput: OculusInput pre-init called
[2018.08.02-21.09.51:421][  0]LogEngine: Initializing Engine...
[2018.08.02-21.09.51:422][  0]LogHMD: Failed to initialize OpenVR with code 110
[2018.08.02-21.09.51:423][  0]LogStats: UGameplayTagsManager::ConstructGameplayTagTree: Construct from data asset -  0.000 s
[2018.08.02-21.09.51:424][  0]LogStats: UGameplayTagsManager::ConstructGameplayTagTree: GameplayTagTreeChangedEvent.Broadcast -  0.000 s
[2018.08.02-21.09.51:611][  0]LogAIModule: Creating AISystem for world Untitled
[2018.08.02-21.09.51:631][  0]LogInit: XAudio2 using 'Speakers (Dell USB Audio)' : 2 channels at 48 kHz using 16 bits per sample (channel mask 0x3)
[2018.08.02-21.09.51:653][  0]LogInit: FAudioDevice initialized.
[2018.08.02-21.09.51:727][  0]LogDerivedDataCache: Saved boot cache 0.07s 74MB C:/Users/f000zsb/AppData/Local/UnrealEngine/4.19/DerivedDataCache/Boot.ddc.
[2018.08.02-21.09.51:737][  0]LogInit: Texture streaming: Enabled
[2018.08.02-21.09.51:750][  0]LogEngineSessionManager: EngineSessionManager initialized
[2018.08.02-21.09.51:751][  0]LogEngineSessionManager: EngineSessionManager sent abnormal shutdown report. Type=Crashed, SessionId={1681A90B-44E1-91C8-5FBA-68B78AF2A0B6}
[2018.08.02-21.09.51:762][  0]LogInit: Transaction tracking system initialized
[2018.08.02-21.09.51:780][  0]BlueprintLog: New page: Editor Load
[2018.08.02-21.09.51:842][  0]LocalizationService: Localization service is disabled
[2018.08.02-21.09.52:138][  0]LogConsoleResponse: Display: 
[2018.08.02-21.09.52:272][  0]LogCook: Display: Max memory allowance for cook 16384mb min free memory 0mb
[2018.08.02-21.09.52:272][  0]LogCook: Display: Mobile HDR setting 1
[2018.08.02-21.09.52:272][  0]LogGameplayTags: Display: UGameplayTagsManager::DoneAddingNativeTags. DelegateIsBound: 0
[2018.08.02-21.09.52:272][  0]LogStats: UGameplayTagsManager::ConstructGameplayTagTree: Construct from data asset -  0.000 s
[2018.08.02-21.09.52:273][  0]LogStats: UGameplayTagsManager::ConstructGameplayTagTree: GameplayTagTreeChangedEvent.Broadcast -  0.000 s
[2018.08.02-21.09.52:529][  0]LogFileCache: Scanning file cache for directory 'C:/and_web_assets/UE/Projects/pinball/Content/' took 0.01s
[2018.08.02-21.09.52:529][  0]SourceControl: Source control is disabled
[2018.08.02-21.09.52:630][  0]LogWindowsTextInputMethodSystem: Display: IME system now deactivated.
[2018.08.02-21.09.52:631][  0]LogSlate: Took 0.000164 seconds to synchronously load lazily loaded font '../../../Engine/Content/Slate/Fonts/Roboto-Regular.ttf' (155K)
[2018.08.02-21.09.59:134][  0]LogSlate: Window 'Restore Packages' being destroyed
[2018.08.02-21.09.59:135][  0]LogWindowsTextInputMethodSystem: Display: IME system now deactivated.
[2018.08.02-21.09.59:137][  0]LogWindowsTextInputMethodSystem: Display: IME system now deactivated.
[2018.08.02-21.10.00:601][  0]LogSlate: Window 'Unable to Check Out From Source Control!' being destroyed
[2018.08.02-21.10.00:601][  0]LogWindowsTextInputMethodSystem: Display: IME system now deactivated.
[2018.08.02-21.10.00:603][  0]LogWindowsTextInputMethodSystem: Display: IME system now deactivated.
[2018.08.02-21.10.00:626][  0]Cmd: MAP LOAD FILE="../../../../Projects/pinball/Content/Maps/NewMap.umap" TEMPLATE=0 SHOWPROGRESS=1 FEATURELEVEL=3
[2018.08.02-21.10.00:626][  0]LightingResults: New page: Lighting Build
[2018.08.02-21.10.00:629][  0]MapCheck: New page: Map Check
[2018.08.02-21.10.00:629][  0]LightingResults: New page: Lighting Build
[2018.08.02-21.10.00:831][  0]LogUObjectGlobals: Created PersistentFrame Addr=0x000001cd397bb280, Size=368, Default__Ball_C Function /Game/Blueprints/Ball.Ball_C:ExecuteUbergraph_Ball
[2018.08.02-21.10.00:837][  0]LogUObjectGlobals: Destroyed PersistentFrame Addr=0x000001cd397bb280, Size=368
[2018.08.02-21.10.00:837][  0]LogUObjectGlobals: Created PersistentFrame Addr=0x000001cd4396a800, Size=368, Default__Ball_C Function /Engine/Transient.REINST_Ball_C_5:ExecuteUbergraph_Ball
[2018.08.02-21.10.00:841][  0]LogUObjectGlobals: Created PersistentFrame Addr=0x000001cd38f55900, Size=368, Default__Ball_C Function /Game/Blueprints/Ball.Ball_C:ExecuteUbergraph_Ball
[2018.08.02-21.10.00:844][  0]LogUObjectGlobals: Created PersistentFrame Addr=0x000001cd39729c20, Size=32, Default__BallResetZone_C Function /Game/Blueprints/BallResetZone.BallResetZone_C:ExecuteUbergraph_BallResetZone
[2018.08.02-21.10.00:845][  0]LogUObjectGlobals: Destroyed PersistentFrame Addr=0x000001cd39729c20, Size=32
[2018.08.02-21.10.00:846][  0]LogUObjectGlobals: Created PersistentFrame Addr=0x000001cd39729c20, Size=32, Default__BallResetZone_C Function /Engine/Transient.REINST_BallResetZone_C_7:ExecuteUbergraph_BallResetZone
[2018.08.02-21.10.00:847][  0]LogUObjectGlobals: Created PersistentFrame Addr=0x000001cd39729f60, Size=32, Default__BallResetZone_C Function /Game/Blueprints/BallResetZone.BallResetZone_C:ExecuteUbergraph_BallResetZone
[2018.08.02-21.10.00:896][  0]LogUObjectGlobals: Created PersistentFrame Addr=0x000001cd3962b280, Size=164, Default__BP_PLUNGER_C Function /Game/Blueprints/BP_PLUNGER.BP_PLUNGER_C:ExecuteUbergraph_BP_PLUNGER
[2018.08.02-21.10.00:908][  0]LogUObjectGlobals: Destroyed PersistentFrame Addr=0x000001cd3962b280, Size=164
[2018.08.02-21.10.00:908][  0]LogUObjectGlobals: Created PersistentFrame Addr=0x000001cd3962b280, Size=164, Default__BP_PLUNGER_C Function /Engine/Transient.REINST_BP_PLUNGER_C_11:ExecuteUbergraph_BP_PLUNGER
[2018.08.02-21.10.00:916][  0]LogUObjectGlobals: Created PersistentFrame Addr=0x000001cd3962a440, Size=164, Default__BP_PLUNGER_C Function /Game/Blueprints/BP_PLUNGER.BP_PLUNGER_C:ExecuteUbergraph_BP_PLUNGER
[2018.08.02-21.10.00:938][  0]LogUObjectGlobals: Created PersistentFrame Addr=0x000001cd397c1b90, Size=8, Default__flipper_C Function /Game/Blueprints/flipper.flipper_C:ExecuteUbergraph_flipper
[2018.08.02-21.10.00:945][  0]LogUObjectGlobals: Destroyed PersistentFrame Addr=0x000001cd397c1b90, Size=8
[2018.08.02-21.10.00:945][  0]LogUObjectGlobals: Created PersistentFrame Addr=0x000001cd397c1b90, Size=8, Default__flipper_C Function /Engine/Transient.REINST_flipper_C_13:ExecuteUbergraph_flipper
[2018.08.02-21.10.00:949][  0]LogUObjectGlobals: Created PersistentFrame Addr=0x000001cd397c0f80, Size=8, Default__flipper_C Function /Game/Blueprints/flipper.flipper_C:ExecuteUbergraph_flipper
[2018.08.02-21.10.00:958][  0]LogUObjectGlobals: Created PersistentFrame Addr=0x000001cd396a4400, Size=336, Default__PinballGameMode_C Function /Game/Blueprints/PinballGameMode.PinballGameMode_C:ExecuteUbergraph_PinballGameMode
[2018.08.02-21.10.00:960][  0]LogUObjectGlobals: Created PersistentFrame Addr=0x000001cd15285a00, Size=496, Default__PinballPlayerController_C Function /Game/Blueprints/PinballPlayerController.PinballPlayerController_C:ExecuteUbergraph_PinballPlayerController
[2018.08.02-21.10.00:984][  0]LogUObjectGlobals: Created PersistentFrame Addr=0x000001cd3939a740, Size=32, Default__HighScoreWidget_C Function /Game/Blueprints/HighSCoreWidget.HighScoreWidget_C:ExecuteUbergraph_HighScoreWidget
[2018.08.02-21.10.00:985][  0]LogUObjectGlobals: Created PersistentFrame Addr=0x000001cd393c6580, Size=128, Default__HighScoreEntry_C Function /Game/Blueprints/HighScoreEntry.HighScoreEntry_C:ExecuteUbergraph_HighScoreEntry
[2018.08.02-21.10.00:992][  0]LogUObjectGlobals: Created PersistentFrame Addr=0x000001cd3939aea0, Size=32, Default__MainMenu_C Function /Game/Blueprints/MainMenu.MainMenu_C:ExecuteUbergraph_MainMenu
[2018.08.02-21.10.01:025][  0]LogUObjectGlobals: Destroyed PersistentFrame Addr=0x000001cd393c6580, Size=128
[2018.08.02-21.10.01:025][  0]LogUObjectGlobals: Created PersistentFrame Addr=0x000001cd393c6580, Size=128, Default__HighScoreEntry_C Function /Engine/Transient.REINST_HighScoreEntry_C_0:ExecuteUbergraph_HighScoreEntry
[2018.08.02-21.10.01:026][  0]LogUObjectGlobals: Destroyed PersistentFrame Addr=0x000001cd3939a740, Size=32
[2018.08.02-21.10.01:026][  0]LogUObjectGlobals: Created PersistentFrame Addr=0x000001cd39295b80, Size=32, Default__HighScoreWidget_C Function /Engine/Transient.REINST_HighScoreWidget_C_1:ExecuteUbergraph_HighScoreWidget
[2018.08.02-21.10.01:026][  0]LogUObjectGlobals: Destroyed PersistentFrame Addr=0x000001cd3939aea0, Size=32
[2018.08.02-21.10.01:026][  0]LogUObjectGlobals: Created PersistentFrame Addr=0x000001cd39295a80, Size=32, Default__MainMenu_C Function /Engine/Transient.REINST_MainMenu_C_2:ExecuteUbergraph_MainMenu
[2018.08.02-21.10.01:026][  0]LogUObjectGlobals: Destroyed PersistentFrame Addr=0x000001cd396a4400, Size=336
[2018.08.02-21.10.01:027][  0]LogUObjectGlobals: Created PersistentFrame Addr=0x000001cd39268880, Size=336, Default__PinballGameMode_C Function /Engine/Transient.REINST_PinballGameMode_C_15:ExecuteUbergraph_PinballGameMode
[2018.08.02-21.10.01:027][  0]LogUObjectGlobals: Destroyed PersistentFrame Addr=0x000001cd15285a00, Size=496
[2018.08.02-21.10.01:027][  0]LogUObjectGlobals: Created PersistentFrame Addr=0x000001cd392db000, Size=496, Default__PinballPlayerController_C Function /Engine/Transient.REINST_PinballPlayerController_C_16:ExecuteUbergraph_PinballPlayerController
[2018.08.02-21.10.01:053][  0]LogUObjectGlobals: Created PersistentFrame Addr=0x000001cd39212800, Size=128, Default__HighScoreEntry_C Function /Game/Blueprints/HighScoreEntry.HighScoreEntry_C:ExecuteUbergraph_HighScoreEntry
[2018.08.02-21.10.01:054][  0]LogUObjectGlobals: Created PersistentFrame Addr=0x000001cd39b6d280, Size=32, Default__HighScoreWidget_C Function /Game/Blueprints/HighSCoreWidget.HighScoreWidget_C:ExecuteUbergraph_HighScoreWidget
[2018.08.02-21.10.01:055][  0]LogUObjectGlobals: Created PersistentFrame Addr=0x000001cd39b6d040, Size=32, Default__MainMenu_C Function /Game/Blueprints/MainMenu.MainMenu_C:ExecuteUbergraph_MainMenu
[2018.08.02-21.10.01:057][  0]LogUObjectGlobals: Created PersistentFrame Addr=0x000001cd39b4a200, Size=336, Default__PinballGameMode_C Function /Game/Blueprints/PinballGameMode.PinballGameMode_C:ExecuteUbergraph_PinballGameMode
[2018.08.02-21.10.01:060][  0]LogUObjectGlobals: Created PersistentFrame Addr=0x000001cd43948a00, Size=496, Default__PinballPlayerController_C Function /Game/Blueprints/PinballPlayerController.PinballPlayerController_C:ExecuteUbergraph_PinballPlayerController
[2018.08.02-21.10.01:112][  0]LogUObjectGlobals: Created PersistentFrame Addr=0x000001cd39b434c0, Size=288, Default__bp_bumper_C Function /Game/Blueprints/bp_bumper.bp_bumper_C:ExecuteUbergraph_bp_bumper
[2018.08.02-21.10.01:122][  0]LogUObjectGlobals: Destroyed PersistentFrame Addr=0x000001cd39b434c0, Size=288
[2018.08.02-21.10.01:122][  0]LogUObjectGlobals: Created PersistentFrame Addr=0x000001cd39b434c0, Size=288, Default__bp_bumper_C Function /Engine/Transient.REINST_bp_bumper_C_23:ExecuteUbergraph_bp_bumper
[2018.08.02-21.10.01:129][  0]LogUObjectGlobals: Created PersistentFrame Addr=0x000001cd39b42fc0, Size=288, Default__bp_bumper_C Function /Game/Blueprints/bp_bumper.bp_bumper_C:ExecuteUbergraph_bp_bumper
[2018.08.02-21.10.01:159][  0]LogLinker: Warning: Can't find file '/Game/Blueprints/BP_VariableBand'
[2018.08.02-21.10.01:159][  0]LogLinker: Warning: Can't find file for asset '/Game/Blueprints/BP_VariableBand' while loading ../../../../Projects/pinball/Content/Maps/NewMap.umap.
[2018.08.02-21.10.01:159][  0]LoadErrors: Error: /Game/Maps/NewMap : Can't find file for asset. /Game/Blueprints/BP_VariableBand
[2018.08.02-21.10.01:175][  0]LogLinker: Warning: Can't find file '/Game/Blueprints/BP_VariableBand'
[2018.08.02-21.10.01:175][  0]LogLinker: Warning: Can't find file for asset '/Game/Blueprints/BP_VariableBand' while loading ../../../../Projects/pinball/Content/Maps/NewMap.umap.
[2018.08.02-21.10.01:175][  0]LoadErrors: Error: /Game/Maps/NewMap : Can't find file for asset. /Game/Blueprints/BP_VariableBand
[2018.08.02-21.10.01:178][  0]LogLinker: Warning: Can't find file '/Game/Blueprints/BP_VariableBand'
[2018.08.02-21.10.01:179][  0]LogLinker: Warning: Can't find file for asset '/Game/Blueprints/BP_VariableBand' while loading ../../../../Projects/pinball/Content/Maps/NewMap.umap.
[2018.08.02-21.10.01:179][  0]LoadErrors: Error: /Game/Maps/NewMap : Can't find file for asset. /Game/Blueprints/BP_VariableBand
[2018.08.02-21.10.01:182][  0]LogLinker: Warning: Can't find file '/Game/Blueprints/BP_VariableBand'
[2018.08.02-21.10.01:183][  0]LogLinker: Warning: Can't find file for asset '/Game/Blueprints/BP_VariableBand' while loading NULL.
[2018.08.02-21.10.01:183][  0]LogLinker: Warning: Can't find file '/Game/Blueprints/BP_VariableBand'
[2018.08.02-21.10.01:183][  0]LogLinker: Warning: Can't find file for asset '/Game/Blueprints/BP_VariableBand' while loading NULL.
[2018.08.02-21.10.01:496][  0]LogAIModule: Creating AISystem for world NewMap
[2018.08.02-21.10.01:545][  0]LogEditorServer: Finished looking for orphan Actors (0.000 secs)
[2018.08.02-21.10.01:566][  0]LogUObjectGlobals: Destroyed PersistentFrame Addr=0x000001cd4396a800, Size=368
[2018.08.02-21.10.01:567][  0]LogUObjectGlobals: Destroyed PersistentFrame Addr=0x000001cd39729c20, Size=32
[2018.08.02-21.10.01:567][  0]LogUObjectGlobals: Destroyed PersistentFrame Addr=0x000001cd3962b280, Size=164
[2018.08.02-21.10.01:567][  0]LogUObjectGlobals: Destroyed PersistentFrame Addr=0x000001cd397c1b90, Size=8
[2018.08.02-21.10.01:567][  0]LogUObjectGlobals: Destroyed PersistentFrame Addr=0x000001cd39268880, Size=336
[2018.08.02-21.10.01:567][  0]LogUObjectGlobals: Destroyed PersistentFrame Addr=0x000001cd392db000, Size=496
[2018.08.02-21.10.01:567][  0]LogUObjectGlobals: Destroyed PersistentFrame Addr=0x000001cd39295b80, Size=32
[2018.08.02-21.10.01:567][  0]LogUObjectGlobals: Destroyed PersistentFrame Addr=0x000001cd393c6580, Size=128
[2018.08.02-21.10.01:567][  0]LogUObjectGlobals: Destroyed PersistentFrame Addr=0x000001cd39295a80, Size=32
[2018.08.02-21.10.01:568][  0]LogUObjectGlobals: Destroyed PersistentFrame Addr=0x000001cd39b434c0, Size=288
[2018.08.02-21.10.01:572][  0]Cmd: MAP CHECKDEP NOCLEARLOG
[2018.08.02-21.10.01:682][  0]MapCheck: Map check complete: 0 Error(s), 0 Warning(s), took 109.384ms to complete.
[2018.08.02-21.10.01:682][  0]LogFileHelpers: Loading map 'NewMap' took 1.056
[2018.08.02-21.10.01:788][  0]LogStats: Warning: MetaData mismatch. Did you assign a stat to two groups? New //STATGROUP_Threads//SplashScreenThread///Thread_45fc_0///####STATCAT_Advanced#### old //STATGROUP_Threads//SplashScreenThread///Thread_2394_0///####STATCAT_Advanced####
[2018.08.02-21.10.01:788][  0]LogCollectionManager: Loaded 0 collections in 0.002250 seconds
[2018.08.02-21.10.01:831][  0]LogFileCache: Scanning file cache for directory 'C:/and_web_assets/UE/Projects/pinball/Saved/Collections/' took 0.01s
[2018.08.02-21.10.01:831][  0]LogFileCache: Scanning file cache for directory 'C:/and_web_assets/UE/Projects/pinball/Content/Developers/f000zsb/Collections/' took 0.01s
[2018.08.02-21.10.01:831][  0]LogFileCache: Scanning file cache for directory 'C:/and_web_assets/UE/Projects/pinball/Content/Collections/' took 0.01s
[2018.08.02-21.10.01:831][  0]LogCollectionManager: Rebuilt the GUID cache for 0 collections in 0.000000 seconds
[2018.08.02-21.10.01:841][  0]LogContentBrowser: Native class hierarchy populated in 0.0097 seconds. Added 2452 classes and 558 folders.
[2018.08.02-21.10.01:846][  0]LogContentBrowser: Native class hierarchy updated for 'WidgetCarousel' in 0.0002 seconds. Added 0 classes and 0 folders.
[2018.08.02-21.10.01:875][  0]LogContentBrowser: Native class hierarchy updated for 'AddContentDialog' in 0.0002 seconds. Added 0 classes and 0 folders.
[2018.08.02-21.10.01:879][  0]LogContentBrowser: Native class hierarchy updated for 'SceneOutliner' in 0.0002 seconds. Added 1 classes and 2 folders.
[2018.08.02-21.10.01:894][  0]LogSlate: Took 0.000483 seconds to synchronously load lazily loaded font '../../../Engine/Content/Slate/Fonts/Roboto-Bold.ttf' (160K)
[2018.08.02-21.10.01:901][  0]LogSlate: Took 0.000351 seconds to synchronously load lazily loaded font '../../../Engine/Content/Editor/Slate/Fonts/FontAwesome.ttf' (139K)
[2018.08.02-21.10.02:004][  0]LogRenderer: Reallocating scene render targets to support 1208x576 Format 9 NumSamples 1 (Frame:1).
[2018.08.02-21.10.02:731][  0]LogContentBrowser: Native class hierarchy updated for 'HierarchicalLODOutliner' in 0.0002 seconds. Added 0 classes and 0 folders.
[2018.08.02-21.10.02:732][  0]LogLoad: (Engine Initialization) Total time: 18.57 seconds
[2018.08.02-21.10.02:732][  0]LogLoad: (Engine Initialization) Total Blueprint compile time: 0.00 seconds
[2018.08.02-21.10.02:749][  0]LoadErrors: Warning: CreateExport: Failed to load Outer for resource 'Post1': BP_VariableBand_C /Game/Maps/NewMap.NewMap:PersistentLevel.BP_VariableBand_299
[2018.08.02-21.10.02:770][  0]LogContentStreaming: Texture pool size now 600 MB
[2018.08.02-21.10.02:773][  0]LogSlate: FSceneViewport::OnFocusLost() reason 2
[2018.08.02-21.10.02:807][  0]LogSlate: Took 0.000148 seconds to synchronously load lazily loaded font '../../../Engine/Content/Slate/Fonts/Roboto-Light.ttf' (167K)
[2018.08.02-21.10.03:426][  2]LogAssetRegistry: Asset discovery search completed in 15.5671 seconds
[2018.08.02-21.10.03:428][  2]LogCollectionManager: Rebuilt the object cache for 0 collections in 0.000000 seconds (found 0 objects)
[2018.08.02-21.10.03:428][  2]LogCollectionManager: Fixed up redirectors for 0 collections in 0.000067 seconds (updated 0 objects)
[2018.08.02-21.10.12:178][327]LogSlate: Window 'Message Log' being destroyed
[2018.08.02-21.10.12:194][327]LogSlate: Window 'Message Log' being destroyed
[2018.08.02-21.10.16:343][440]LogSlate: FSceneViewport::OnFocusLost() reason 0
[2018.08.02-21.10.18:175][531]LogSlate: Took 0.000300 seconds to synchronously load lazily loaded font '../../../Engine/Content/Slate/Fonts/Roboto-Light.ttf' (167K)
[2018.08.02-21.10.19:555][531]LogSlate: Window 'Pick Parent Class' being destroyed
[2018.08.02-21.10.33:031][869]LogContentBrowser: Native class hierarchy updated for 'BlueprintGraph' in 0.0007 seconds. Added 116 classes and 0 folders.
[2018.08.02-21.10.33:398][869]LogUObjectGlobals: Created PersistentFrame Addr=0x000001cd0c7400b0, Size=4, Default__SKEL_PROTO_BP_AnimBlueprint_0_C Function /Engine/Transient.SKEL_PROTO_BP_AnimBlueprint_0_C:ExecuteUbergraph_PROTO_BP_AnimBlueprint_0
[2018.08.02-21.10.33:398][869]LogUObjectGlobals: Created PersistentFrame Addr=0x000001cd0bf9ffe8, Size=4, Default__PROTO_BP_AnimBlueprint_0_C Function /Engine/Transient.PROTO_BP_AnimBlueprint_0_C:ExecuteUbergraph_PROTO_BP_AnimBlueprint_0
[2018.08.02-21.10.35:444][902]LogSlate: Took 0.000317 seconds to synchronously load lazily loaded font '../../../Engine/Content/Slate/Fonts/Roboto-BoldCondensed.ttf' (158K)
[2018.08.02-21.10.44:326][191]LogSlate: Took 0.000399 seconds to synchronously load lazily loaded font '../../../Engine/Content/Slate/Fonts/Roboto-Italic.ttf' (157K)
[2018.08.02-21.11.11:466][917]LogSlate: FSceneViewport::OnFocusLost() reason 0
[2018.08.02-21.11.37:344][324]LogSlate: Took 0.000477 seconds to synchronously load lazily loaded font '../../../Engine/Content/Slate/Fonts/Roboto-BoldCondensedItalic.ttf' (160K)
[2018.08.02-21.11.39:748][393]BlueprintLog: New page: Compile BP_VariableBand
[2018.08.02-21.11.48:826][569]LogSlate: FSceneViewport::OnFocusLost() reason 0
[2018.08.02-21.11.48:873][570]BlueprintLog: New page: Compile BP_VariableBand
[2018.08.02-21.14.35:173][365]BlueprintLog: New page: Compile BP_VariableBand
[2018.08.02-21.14.44:249][556]LogSlate: FSceneViewport::OnFocusLost() reason 0
[2018.08.02-21.14.52:060][771]BlueprintLog: New page: Compile BP_VariableBand
[2018.08.02-21.14.59:515][925]Cmd: SELECT NONE
[2018.08.02-21.15.02:886][  4]LogSlate: FSceneViewport::OnFocusLost() reason 0
[2018.08.02-21.15.03:060][  7]Cmd: OBJ SAVEPACKAGE PACKAGE="/Game/Blueprints/BP_VariableBand" FILE="../../../../Projects/pinball/Content/Blueprints/BP_VariableBand.uasset" SILENT=true
[2018.08.02-21.15.03:130][  7]LogSavePackage: Save=63.17ms
[2018.08.02-21.15.03:131][  7]LogSavePackage: Moving '../../../../Projects/pinball/Saved/BP_VariableBandCAB38D724AEB05F0A0D350BFAEB28395.tmp' to '../../../../Projects/pinball/Content/Blueprints/BP_VariableBand.uasset'
[2018.08.02-21.15.03:141][  7]LogSavePackage: Display: Finished SavePackage ../../../../Projects/pinball/Content/Blueprints/BP_VariableBand.uasset
[2018.08.02-21.15.19:410][119]Cmd: OBJ SAVEPACKAGE PACKAGE="/Game/Blueprints/BP_VariableBand" FILE="../../../../Projects/pinball/Content/Blueprints/BP_VariableBand.uasset" SILENT=true
[2018.08.02-21.15.19:460][119]LogSavePackage: Save=16.06ms
[2018.08.02-21.15.19:460][119]LogSavePackage: Moving '../../../../Projects/pinball/Saved/BP_VariableBandB14451F64BD03D5792D74FBF3D2C4D3A.tmp' to '../../../../Projects/pinball/Content/Blueprints/BP_VariableBand.uasset'
[2018.08.02-21.15.19:461][119]LogSavePackage: Display: Finished SavePackage ../../../../Projects/pinball/Content/Blueprints/BP_VariableBand.uasset
[2018.08.02-21.15.21:480][179]LogSlate: Window 'BP_VariableBand' being destroyed
[2018.08.02-21.15.21:491][179]LogSlate: Window 'BP_VariableBand' being destroyed
[2018.08.02-21.15.24:920][332]Cmd: OBJ SAVEPACKAGE PACKAGE="/Game/Maps/NewMap" FILE="../../../../Projects/pinball/Content/Maps/NewMap.umap" SILENT=true AUTOSAVING=false KEEPDIRTY=false
[2018.08.02-21.15.24:999][332]LogSavePackage: Save=49.30ms
[2018.08.02-21.15.24:999][332]LogSavePackage: Moving '../../../../Projects/pinball/Saved/NewMapB18C999F4A2F5243780B19BF122DD9E1.tmp' to '../../../../Projects/pinball/Content/Maps/NewMap.umap'
[2018.08.02-21.15.25:002][332]LogSavePackage: Display: Finished SavePackage ../../../../Projects/pinball/Content/Maps/NewMap.umap
[2018.08.02-21.15.25:028][332]LogFileHelpers: Saving map 'NewMap' took 0.162
[2018.08.02-21.15.27:871][440]LogSlate: Window 'pinball - Unreal Editor' being destroyed
[2018.08.02-21.15.27:872][440]LogWindowsTextInputMethodSystem: Display: IME system now deactivated.
[2018.08.02-21.15.28:089][441]Cmd: QUIT_EDITOR
[2018.08.02-21.15.28:117][441]LogSlate: Slate User Destroyed.  User Index 0, Is Virtual User: 0
[2018.08.02-21.15.28:117][441]LogExit: Preparing to exit.
[2018.08.02-21.15.28:606][441]LogDirectoryWatcher: A directory notification for 'C:/and_web_assets/UE/Projects/pinball/Content/' was aborted.
[2018.08.02-21.15.28:634][441]LogExit: Editor shut down
[2018.08.02-21.15.28:637][441]LogExit: Transaction tracking system shut down
[2018.08.02-21.15.28:637][441]LogUObjectGlobals: Destroyed PersistentFrame Addr=0x000001cd38f55900, Size=368
[2018.08.02-21.15.28:637][441]LogUObjectGlobals: Destroyed PersistentFrame Addr=0x000001cd39729f60, Size=32
[2018.08.02-21.15.28:638][441]LogUObjectGlobals: Destroyed PersistentFrame Addr=0x000001cd3962a440, Size=164
[2018.08.02-21.15.28:638][441]LogUObjectGlobals: Destroyed PersistentFrame Addr=0x000001cd397c0f80, Size=8
[2018.08.02-21.15.28:638][441]LogUObjectGlobals: Destroyed PersistentFrame Addr=0x000001cd39212800, Size=128
[2018.08.02-21.15.28:638][441]LogUObjectGlobals: Destroyed PersistentFrame Addr=0x000001cd39b6d280, Size=32
[2018.08.02-21.15.28:638][441]LogUObjectGlobals: Destroyed PersistentFrame Addr=0x000001cd39b6d040, Size=32
[2018.08.02-21.15.28:638][441]LogUObjectGlobals: Destroyed PersistentFrame Addr=0x000001cd39b4a200, Size=336
[2018.08.02-21.15.28:638][441]LogUObjectGlobals: Destroyed PersistentFrame Addr=0x000001cd43948a00, Size=496
[2018.08.02-21.15.28:638][441]LogUObjectGlobals: Destroyed PersistentFrame Addr=0x000001cd39b42fc0, Size=288
[2018.08.02-21.15.28:640][441]LogUObjectGlobals: Destroyed PersistentFrame Addr=0x000001cd0c7400b0, Size=4
[2018.08.02-21.15.28:640][441]LogUObjectGlobals: Destroyed PersistentFrame Addr=0x000001cd0bf9ffe8, Size=4
[2018.08.02-21.15.28:835][441]LogDirectoryWatcher: A directory notification for '../../../Engine/Content/' was aborted.
[2018.08.02-21.15.28:835][441]LogDirectoryWatcher: A directory notification for '../../../../Projects/pinball/Content/' was aborted.
[2018.08.02-21.15.28:835][441]LogDirectoryWatcher: A directory notification for '../../Plugins/2D/Paper2D/Content/' was aborted.
[2018.08.02-21.15.28:835][441]LogDirectoryWatcher: A directory notification for '../../Plugins/Enterprise/DatasmithContent/Content/' was aborted.
[2018.08.02-21.15.28:835][441]LogDirectoryWatcher: A directory notification for '../../Plugins/Media/MediaCompositing/Content/' was aborted.
[2018.08.02-21.15.28:835][441]LogDirectoryWatcher: A directory notification for '../../Plugins/Runtime/AppleARKit/Content/' was aborted.
[2018.08.02-21.15.28:835][441]LogDirectoryWatcher: A directory notification for '../../Plugins/Runtime/Oculus/OculusVR/Content/' was aborted.
[2018.08.02-21.15.28:835][441]LogDirectoryWatcher: A directory notification for '../../Plugins/Runtime/Steam/SteamVR/Content/' was aborted.
[2018.08.02-21.15.28:927][441]LogExit: Object subsystem successfully closed.
[2018.08.02-21.15.28:936][441]LogShaderCompilers: Display: Shaders left to compile 0
[2018.08.02-21.15.28:939][441]LogD3D11RHI: Shutdown
[2018.08.02-21.15.28:939][441]LogD3D11RHI: CleanupD3DDevice
[2018.08.02-21.15.28:958][441]LogD3D11RHI: ~FD3D11DynamicRHI
[2018.08.02-21.15.28:971][441]LogModuleManager: Shutting down and abandoning module HierarchicalLODUtilities (578)
[2018.08.02-21.15.28:971][441]LogModuleManager: Shutting down and abandoning module BlueprintGraph (576)
[2018.08.02-21.15.28:971][441]LogModuleManager: Shutting down and abandoning module HierarchicalLODOutliner (574)
[2018.08.02-21.15.28:971][441]LogModuleManager: Shutting down and abandoning module SceneOutliner (572)
[2018.08.02-21.15.28:971][441]LogModuleManager: Shutting down and abandoning module AddContentDialog (570)
[2018.08.02-21.15.28:971][441]LogDirectoryWatcher: A directory notification for 'C:/and_web_assets/UE/UE_4.19/FeaturePacks/' was aborted.
[2018.08.02-21.15.28:972][441]LogModuleManager: Shutting down and abandoning module WidgetCarousel (569)
[2018.08.02-21.15.28:972][441]LogModuleManager: Shutting down and abandoning module EditorWidgets (566)
[2018.08.02-21.15.28:972][441]LogModuleManager: Shutting down and abandoning module CollectionManager (564)
[2018.08.02-21.15.28:972][441]LogDirectoryWatcher: A directory notification for 'C:/and_web_assets/UE/Projects/pinball/Content/Collections/' was aborted.
[2018.08.02-21.15.28:972][441]LogDirectoryWatcher: A directory notification for 'C:/and_web_assets/UE/Projects/pinball/Content/Developers/f000zsb/Collections/' was aborted.
[2018.08.02-21.15.28:972][441]LogDirectoryWatcher: A directory notification for 'C:/and_web_assets/UE/Projects/pinball/Saved/Collections/' was aborted.
[2018.08.02-21.15.28:972][441]LogModuleManager: Shutting down and abandoning module StatsViewer (562)
[2018.08.02-21.15.28:972][441]LogModuleManager: Shutting down and abandoning module FoliageEdit (560)
[2018.08.02-21.15.28:972][441]LogModuleManager: Shutting down and abandoning module LandscapeEditor (558)
[2018.08.02-21.15.28:972][441]LogModuleManager: Shutting down and abandoning module MeshPaintMode (556)
[2018.08.02-21.15.28:972][441]LogModuleManager: Shutting down and abandoning module SceneDepthPickerMode (554)
[2018.08.02-21.15.28:972][441]LogModuleManager: Shutting down and abandoning module ActorPickerMode (552)
[2018.08.02-21.15.28:972][441]LogModuleManager: Shutting down and abandoning module GeometryMode (550)
[2018.08.02-21.15.28:972][441]LogModuleManager: Shutting down and abandoning module TextureAlignMode (548)
[2018.08.02-21.15.28:972][441]LogModuleManager: Shutting down and abandoning module BspMode (546)
[2018.08.02-21.15.28:972][441]LogModuleManager: Shutting down and abandoning module PIEPreviewDeviceProfileSelector (544)
[2018.08.02-21.15.28:972][441]LogModuleManager: Shutting down and abandoning module HardwareSurvey (542)
[2018.08.02-21.15.28:972][441]LogModuleManager: Shutting down and abandoning module SequenceRecorderSections (540)
[2018.08.02-21.15.28:972][441]LogModuleManager: Shutting down and abandoning module AutomationWorker (538)
[2018.08.02-21.15.28:972][441]LogModuleManager: Shutting down and abandoning module AudioCaptureEditor (536)
[2018.08.02-21.15.28:972][441]LogModuleManager: Shutting down and abandoning module SequenceRecorder (535)
[2018.08.02-21.15.28:972][441]LogModuleManager: Shutting down and abandoning module MatineeToLevelSequence (532)
[2018.08.02-21.15.28:972][441]LogModuleManager: Shutting down and abandoning module LevelSequenceEditor (530)
[2018.08.02-21.15.28:972][441]LogModuleManager: Shutting down and abandoning module PlacementMode (529)
[2018.08.02-21.15.28:972][441]LogModuleManager: Shutting down and abandoning module MaterialEditor (528)
[2018.08.02-21.15.28:972][441]LogModuleManager: Shutting down and abandoning module WmfMediaFactory (524)
[2018.08.02-21.15.28:972][441]LogModuleManager: Shutting down and abandoning module WmfMediaEditor (522)
[2018.08.02-21.15.28:972][441]LogModuleManager: Shutting down and abandoning module MediaPlayerEditor (520)
[2018.08.02-21.15.28:973][441]LogModuleManager: Shutting down and abandoning module OpenExrWrapper (518)
[2018.08.02-21.15.28:973][441]LogModuleManager: Shutting down and abandoning module ImgMediaFactory (516)
[2018.08.02-21.15.28:973][441]LogModuleManager: Shutting down and abandoning module ImgMediaEditor (514)
[2018.08.02-21.15.28:973][441]LogModuleManager: Shutting down and abandoning module AvfMediaFactory (512)
[2018.08.02-21.15.28:973][441]LogModuleManager: Shutting down and abandoning module AvfMediaEditor (510)
[2018.08.02-21.15.28:973][441]LogModuleManager: Shutting down and abandoning module AndroidMediaFactory (508)
[2018.08.02-21.15.28:973][441]LogModuleManager: Shutting down and abandoning module AndroidMediaEditor (506)
[2018.08.02-21.15.28:973][441]LogModuleManager: Shutting down and abandoning module CharacterAI (504)
[2018.08.02-21.15.28:973][441]LogModuleManager: Shutting down and abandoning module SmartSnapping (502)
[2018.08.02-21.15.28:973][441]LogModuleManager: Shutting down and abandoning module SessionServices (500)
[2018.08.02-21.15.28:973][441]LogModuleManager: Shutting down and abandoning module ViewportSnapping (498)
[2018.08.02-21.15.28:973][441]LogModuleManager: Shutting down and abandoning module ViewportInteraction (496)
[2018.08.02-21.15.28:973][441]LogModuleManager: Shutting down and abandoning module ClothPainter (494)
[2018.08.02-21.15.28:973][441]LogModuleManager: Shutting down and abandoning module SkeletalMeshEditor (493)
[2018.08.02-21.15.28:973][441]LogModuleManager: Shutting down and abandoning module LogVisualizer (490)
[2018.08.02-21.15.28:973][441]LogModuleManager: Shutting down and abandoning module IntroTutorials (488)
[2018.08.02-21.15.28:973][441]LogModuleManager: Shutting down and abandoning module GameProjectGeneration (487)
[2018.08.02-21.15.28:973][441]LogModuleManager: Shutting down and abandoning module IOSPlatformEditor (484)
[2018.08.02-21.15.28:973][441]LogModuleManager: Shutting down and abandoning module HTML5PlatformEditor (482)
[2018.08.02-21.15.28:973][441]LogModuleManager: Shutting down and abandoning module AndroidPlatformEditor (480)
[2018.08.02-21.15.28:973][441]LogModuleManager: Shutting down and abandoning module AndroidDeviceDetection (479)
[2018.08.02-21.15.29:003][441]LogModuleManager: Shutting down and abandoning module WindowsPlatformEditor (476)
[2018.08.02-21.15.29:003][441]LogModuleManager: Shutting down and abandoning module IOSRuntimeSettings (474)
[2018.08.02-21.15.29:003][441]LogModuleManager: Shutting down and abandoning module AndroidRuntimeSettings (472)
[2018.08.02-21.15.29:003][441]LogModuleManager: Shutting down and abandoning module InputBindingEditor (470)
[2018.08.02-21.15.29:003][441]LogModuleManager: Shutting down and abandoning module MergeActors (468)
[2018.08.02-21.15.29:003][441]LogModuleManager: Shutting down and abandoning module LocalizationDashboard (466)
[2018.08.02-21.15.29:004][441]LogModuleManager: Shutting down and abandoning module LocalizationService (465)
[2018.08.02-21.15.29:004][441]LogModuleManager: Shutting down and abandoning module HardwareTargeting (462)
[2018.08.02-21.15.29:004][441]LogModuleManager: Shutting down and abandoning module DeviceProfileEditor (460)
[2018.08.02-21.15.29:004][441]LogModuleManager: Shutting down and abandoning module UndoHistory (458)
[2018.08.02-21.15.29:004][441]LogModuleManager: Shutting down and abandoning module XmlParser (456)
[2018.08.02-21.15.29:004][441]LogModuleManager: Shutting down and abandoning module Blutility (454)
[2018.08.02-21.15.29:004][441]LogModuleManager: Shutting down and abandoning module ProjectSettingsViewer (452)
[2018.08.02-21.15.29:004][441]LogModuleManager: Shutting down and abandoning module ProjectTargetPlatformEditor (451)
[2018.08.02-21.15.29:004][441]LogModuleManager: Shutting down and abandoning module EditorSettingsViewer (448)
[2018.08.02-21.15.29:004][441]LogModuleManager: Shutting down and abandoning module SettingsEditor (446)
[2018.08.02-21.15.29:004][441]LogModuleManager: Shutting down and abandoning module ProjectLauncher (444)
[2018.08.02-21.15.29:004][441]LogModuleManager: Shutting down and abandoning module SessionFrontend (442)
[2018.08.02-21.15.29:004][441]LogModuleManager: Shutting down and abandoning module ProfilerClient (440)
[2018.08.02-21.15.29:004][441]LogModuleManager: Shutting down and abandoning module DeviceManager (438)
[2018.08.02-21.15.29:004][441]LogModuleManager: Shutting down and abandoning module TargetDeviceServices (437)
[2018.08.02-21.15.29:080][441]LogModuleManager: Shutting down and abandoning module AutomationController (434)
[2018.08.02-21.15.29:080][441]LogModuleManager: Shutting down and abandoning module AutomationWindow (432)
[2018.08.02-21.15.29:080][441]LogModuleManager: Shutting down and abandoning module Layers (430)
[2018.08.02-21.15.29:080][441]LogModuleManager: Shutting down and abandoning module ComponentVisualizers (428)
[2018.08.02-21.15.29:080][441]LogModuleManager: Shutting down and abandoning module DetailCustomizations (426)
[2018.08.02-21.15.29:080][441]LogModuleManager: Shutting down and abandoning module PackagesDialog (424)
[2018.08.02-21.15.29:080][441]LogModuleManager: Shutting down and abandoning module Persona (422)
[2018.08.02-21.15.29:080][441]LogModuleManager: Shutting down and abandoning module AdvancedPreviewScene (421)
[2018.08.02-21.15.29:080][441]LogModuleManager: Shutting down and abandoning module AnimGraph (419)
[2018.08.02-21.15.29:080][441]LogModuleManager: Shutting down and abandoning module Kismet (416)
[2018.08.02-21.15.29:091][441]LogModuleManager: Shutting down and abandoning module GraphEditor (414)
[2018.08.02-21.15.29:091][441]LogModuleManager: Shutting down and abandoning module ClassViewer (412)
[2018.08.02-21.15.29:093][441]LogModuleManager: Shutting down and abandoning module Toolbox (410)
[2018.08.02-21.15.29:093][441]LogModuleManager: Shutting down and abandoning module ModuleUI (408)
[2018.08.02-21.15.29:093][441]LogModuleManager: Shutting down and abandoning module MovieSceneTools (406)
[2018.08.02-21.15.29:093][441]LogModuleManager: Shutting down and abandoning module OutputLog (404)
[2018.08.02-21.15.29:093][441]LogModuleManager: Shutting down and abandoning module GammaUI (402)
[2018.08.02-21.15.29:094][441]LogModuleManager: Shutting down and abandoning module Documentation (400)
[2018.08.02-21.15.29:094][441]LogModuleManager: Shutting down and abandoning module MovieSceneTracks (398)
[2018.08.02-21.15.29:094][441]LogModuleManager: Shutting down and abandoning module MovieScene (396)
[2018.08.02-21.15.29:094][441]LogModuleManager: Shutting down and abandoning module StreamingPauseRendering (394)
[2018.08.02-21.15.29:094][441]LogModuleManager: Shutting down and abandoning module LauncherPlatform (392)
[2018.08.02-21.15.29:094][441]LogModuleManager: Shutting down and abandoning module AnalyticsET (390)
[2018.08.02-21.15.29:094][441]LogModuleManager: Shutting down and abandoning module PortalServices (388)
[2018.08.02-21.15.29:094][441]LogModuleManager: Shutting down and abandoning module PortalRpc (386)
[2018.08.02-21.15.29:094][441]LogModuleManager: Shutting down and abandoning module MessagingRpc (384)
[2018.08.02-21.15.29:094][441]LogModuleManager: Shutting down and abandoning module AIModule (382)
[2018.08.02-21.15.29:094][441]LogModuleManager: Shutting down and abandoning module GameplayDebugger (381)
[2018.08.02-21.15.29:094][441]LogModuleManager: Shutting down and abandoning module AITestSuite (379)
[2018.08.02-21.15.29:094][441]LogModuleManager: Shutting down and abandoning module DesktopPlatform (376)
[2018.08.02-21.15.29:094][441]LogModuleManager: Shutting down and abandoning module ProfilerService (374)
[2018.08.02-21.15.29:253][441]LogModuleManager: Shutting down and abandoning module TaskGraph (372)
[2018.08.02-21.15.29:253][441]LogModuleManager: Shutting down and abandoning module SteamVRController (370)
[2018.08.02-21.15.29:253][441]LogModuleManager: Shutting down and abandoning module ProceduralMeshComponentEditor (368)
[2018.08.02-21.15.29:254][441]LogModuleManager: Shutting down and abandoning module ProceduralMeshComponent (366)
[2018.08.02-21.15.29:254][441]LogModuleManager: Shutting down and abandoning module OculusInput (364)
[2018.08.02-21.15.29:254][441]LogModuleManager: Shutting down and abandoning module MobilePatchingUtils (362)
[2018.08.02-21.15.29:254][441]LogModuleManager: Shutting down and abandoning module CustomMeshComponent (360)
[2018.08.02-21.15.29:254][441]LogModuleManager: Shutting down and abandoning module CableComponent (358)
[2018.08.02-21.15.29:254][441]LogModuleManager: Shutting down and abandoning module AudioCapture (356)
[2018.08.02-21.15.29:254][441]LogModuleManager: Shutting down and abandoning module ArchVisCharacter (354)
[2018.08.02-21.15.29:254][441]LogModuleManager: Shutting down and abandoning module AndroidPermission (352)
[2018.08.02-21.15.29:254][441]LogModuleManager: Shutting down and abandoning module NUTUnrealEngine4 (348)
[2018.08.02-21.15.29:254][441]LogModuleManager: Shutting down and abandoning module NetcodeUnitTest (346)
[2018.08.02-21.15.29:255][441]LogModuleManager: Shutting down and abandoning module MediaCompositingEditor (344)
[2018.08.02-21.15.29:257][441]LogModuleManager: Shutting down and abandoning module MediaCompositing (342)
[2018.08.02-21.15.29:257][441]LogModuleManager: Shutting down and abandoning module LinearTimecode (340)
[2018.08.02-21.15.29:257][441]LogModuleManager: Shutting down and abandoning module ImgMedia (338)
[2018.08.02-21.15.29:266][441]LogModuleManager: Shutting down and abandoning module HTML5Networking (336)
[2018.08.02-21.15.29:267][441]LogModuleManager: Shutting down and abandoning module AlembicImporter (334)
[2018.08.02-21.15.29:267][441]LogModuleManager: Shutting down and abandoning module AlembicLibrary (333)
[2018.08.02-21.15.29:267][441]LogModuleManager: Shutting down and abandoning module GeometryCache (332)
[2018.08.02-21.15.29:267][441]LogModuleManager: Shutting down and abandoning module GeometryCacheEd (331)
[2018.08.02-21.15.29:267][441]LogModuleManager: Shutting down and abandoning module DatasmithContent (326)
[2018.08.02-21.15.29:267][441]LogModuleManager: Shutting down and abandoning module SpeedTreeImporter (324)
[2018.08.02-21.15.29:267][441]LogModuleManager: Shutting down and abandoning module PluginBrowser (322)
[2018.08.02-21.15.29:267][441]LogModuleManager: Shutting down and abandoning module MobileLauncherProfileWizard (320)
[2018.08.02-21.15.29:267][441]LogModuleManager: Shutting down and abandoning module CryptoKeysOpenSSL (318)
[2018.08.02-21.15.29:267][441]LogModuleManager: Shutting down and abandoning module CryptoKeys (316)
[2018.08.02-21.15.29:267][441]LogModuleManager: Shutting down and abandoning module VisualStudioSourceCodeAccess (314)
[2018.08.02-21.15.29:267][441]LogModuleManager: Shutting down and abandoning module VisualStudioCodeSourceCodeAccess (312)
[2018.08.02-21.15.29:267][441]LogModuleManager: Shutting down and abandoning module UObjectPlugin (310)
[2018.08.02-21.15.29:267][441]LogModuleManager: Shutting down and abandoning module SubversionSourceControl (308)
[2018.08.02-21.15.29:267][441]LogModuleManager: Shutting down and abandoning module PerforceSourceControl (306)
[2018.08.02-21.15.29:268][441]LogModuleManager: Shutting down and abandoning module GitSourceControl (304)
[2018.08.02-21.15.29:268][441]LogModuleManager: Shutting down and abandoning module SourceControl (303)
[2018.08.02-21.15.29:268][441]LogModuleManager: Shutting down and abandoning module CLionSourceCodeAccess (300)
[2018.08.02-21.15.29:268][441]LogModuleManager: Shutting down and abandoning module LightPropagationVolumeEditor (298)
[2018.08.02-21.15.29:268][441]LogModuleManager: Shutting down and abandoning module PaperTiledImporter (296)
[2018.08.02-21.15.29:268][441]LogModuleManager: Shutting down and abandoning module PaperSpriteSheetImporter (294)
[2018.08.02-21.15.29:268][441]LogModuleManager: Shutting down and abandoning module Paper2DEditor (292)
[2018.08.02-21.15.29:269][441]LogModuleManager: Shutting down and abandoning module MeshPaint (291)
[2018.08.02-21.15.29:269][441]LogModuleManager: Shutting down and abandoning module RuntimePhysXCooking (288)
[2018.08.02-21.15.29:269][441]LogModuleManager: Shutting down and abandoning module PhysXVehiclesEditor (286)
[2018.08.02-21.15.29:269][441]LogModuleManager: Shutting down and abandoning module PhysXVehicles (284)
[2018.08.02-21.15.29:269][441]LogModuleManager: Shutting down and abandoning module OculusEditor (282)
[2018.08.02-21.15.29:269][441]LogModuleManager: Shutting down and abandoning module LocationServicesBPLibrary (280)
[2018.08.02-21.15.29:269][441]LogModuleManager: Shutting down and abandoning module ImmediatePhysicsEditor (278)
[2018.08.02-21.15.29:269][441]LogModuleManager: Shutting down and abandoning module ImmediatePhysics (276)
[2018.08.02-21.15.29:269][441]LogModuleManager: Shutting down and abandoning module ActorSequence (274)
[2018.08.02-21.15.29:269][441]LogModuleManager: Shutting down and abandoning module UdpMessaging (272)
[2018.08.02-21.15.29:370][441]LogModuleManager: Shutting down and abandoning module TcpMessaging (270)
[2018.08.02-21.15.29:540][441]LogModuleManager: Shutting down and abandoning module GameplayTagsEditor (268)
[2018.08.02-21.15.29:540][441]LogModuleManager: Shutting down and abandoning module FacialAnimationEditor (266)
[2018.08.02-21.15.29:540][441]LogModuleManager: Shutting down and abandoning module FacialAnimation (264)
[2018.08.02-21.15.29:540][441]LogModuleManager: Shutting down and abandoning module DataValidation (262)
[2018.08.02-21.15.29:540][441]LogModuleManager: Shutting down and abandoning module AssetManagerEditor (260)
[2018.08.02-21.15.29:541][441]LogModuleManager: Shutting down and abandoning module LevelEditor (259)
[2018.08.02-21.15.29:541][441]LogModuleManager: Shutting down and abandoning module PixelInspectorModule (258)
[2018.08.02-21.15.29:541][441]LogModuleManager: Shutting down and abandoning module CommonMenuExtensions (256)
[2018.08.02-21.15.29:542][441]LogModuleManager: Shutting down and abandoning module MainFrame (254)
[2018.08.02-21.15.29:542][441]LogModuleManager: Shutting down and abandoning module HotReload (253)
[2018.08.02-21.15.29:542][441]LogModuleManager: Shutting down and abandoning module ContentBrowser (249)
[2018.08.02-21.15.29:543][441]LogModuleManager: Shutting down and abandoning module TreeMap (247)
[2018.08.02-21.15.29:543][441]LogModuleManager: Shutting down and abandoning module LightPropagationVolumeRuntime (244)
[2018.08.02-21.15.29:543][441]LogModuleManager: Shutting down and abandoning module LiveLinkEditor (242)
[2018.08.02-21.15.29:543][441]LogModuleManager: Shutting down and abandoning module LiveLink (240)
[2018.08.02-21.15.30:207][441]LogModuleManager: Shutting down and abandoning module Paper2D (238)
[2018.08.02-21.15.30:207][441]LogModuleManager: Shutting down and abandoning module WindowsMoviePlayer (236)
[2018.08.02-21.15.30:207][441]LogModuleManager: Shutting down and abandoning module WmfMedia (234)
[2018.08.02-21.15.30:212][441]LogModuleManager: Shutting down and abandoning module Media (233)
[2018.08.02-21.15.30:218][441]LogModuleManager: Shutting down and abandoning module PacketHandler (230)
[2018.08.02-21.15.30:218][441]LogModuleManager: Shutting down and abandoning module ClothingSystemEditor (228)
[2018.08.02-21.15.30:218][441]LogModuleManager: Shutting down and abandoning module ClothingSystemRuntime (226)
[2018.08.02-21.15.30:218][441]LogModuleManager: Shutting down and abandoning module MediaAssets (224)
[2018.08.02-21.15.30:218][441]LogModuleManager: Shutting down and abandoning module Overlay (222)
[2018.08.02-21.15.30:218][441]LogModuleManager: Shutting down and abandoning module OverlayEditor (221)
[2018.08.02-21.15.30:220][441]LogModuleManager: Shutting down and abandoning module VREditor (218)
[2018.08.02-21.15.30:220][441]LogModuleManager: Shutting down and abandoning module StringTableEditor (216)
[2018.08.02-21.15.30:220][441]LogModuleManager: Shutting down and abandoning module GameplayTasksEditor (214)
[2018.08.02-21.15.30:220][441]LogModuleManager: Shutting down and abandoning module BehaviorTreeEditor (212)
[2018.08.02-21.15.30:220][441]LogModuleManager: Shutting down and abandoning module FunctionalTesting (210)
[2018.08.02-21.15.30:220][441]LogModuleManager: Shutting down and abandoning module CollisionAnalyzer (208)
[2018.08.02-21.15.30:221][441]LogModuleManager: Shutting down and abandoning module WorkspaceMenuStructure (207)
[2018.08.02-21.15.30:221][441]LogModuleManager: Shutting down and abandoning module UMG (204)
[2018.08.02-21.15.30:221][441]LogModuleManager: Shutting down and abandoning module UMGEditor (203)
[2018.08.02-21.15.30:221][441]LogModuleManager: Shutting down and abandoning module Sequencer (202)
[2018.08.02-21.15.30:221][441]LogModuleManager: Shutting down and abandoning module MessageLog (199)
[2018.08.02-21.15.30:221][441]LogModuleManager: Shutting down and abandoning module SlateReflector (194)
[2018.08.02-21.15.30:221][441]LogModuleManager: Shutting down and abandoning module Slate (192)
[2018.08.02-21.15.30:221][441]LogModuleManager: Shutting down and abandoning module EditorStyle (190)
[2018.08.02-21.15.30:226][441]LogModuleManager: Shutting down and abandoning module MRMesh (188)
[2018.08.02-21.15.30:226][441]LogModuleManager: Shutting down and abandoning module SourceCodeAccess (186)
[2018.08.02-21.15.30:226][441]LogModuleManager: Shutting down and abandoning module HeadMountedDisplay (184)
[2018.08.02-21.15.30:226][441]LogModuleManager: Shutting down and abandoning module XAudio2 (182)
[2018.08.02-21.15.30:226][441]LogModuleManager: Shutting down and abandoning module Networking (180)
[2018.08.02-21.15.30:226][441]LogModuleManager: Shutting down and abandoning module Core (178)
[2018.08.02-21.15.30:227][441]LogModuleManager: Shutting down and abandoning module LevelSequence (176)
[2018.08.02-21.15.30:227][441]LogModuleManager: Shutting down and abandoning module KismetCompiler (174)
[2018.08.02-21.15.30:227][441]LogModuleManager: Shutting down and abandoning module MeshUtilities (172)
[2018.08.02-21.15.30:227][441]LogModuleManager: Shutting down and abandoning module MeshMergeUtilities (171)
[2018.08.02-21.15.30:227][441]LogModuleManager: Shutting down and abandoning module MeshReductionInterface (170)
[2018.08.02-21.15.30:227][441]LogModuleManager: Shutting down and abandoning module SimplygonSwarm (169)
[2018.08.02-21.15.30:227][441]LogModuleManager: Shutting down and abandoning module SimplygonMeshReduction (167)
[2018.08.02-21.15.30:227][441]LogModuleManager: Shutting down and abandoning module QuadricMeshReduction (165)
[2018.08.02-21.15.30:227][441]LogModuleManager: Shutting down and abandoning module MaterialBaking (161)
[2018.08.02-21.15.30:227][441]LogModuleManager: Shutting down and abandoning module DirectoryWatcher (157)
[2018.08.02-21.15.30:230][441]LogModuleManager: Shutting down and abandoning module DerivedDataCache (154)
[2018.08.02-21.15.30:264][441]LogDerivedDataCache: Shutdown
[2018.08.02-21.15.30:264][441]LogModuleManager: Shutting down and abandoning module XGEController (152)
[2018.08.02-21.15.30:265][441]LogXGEController: Cleaning working directory: C:/Users/f000zsb/AppData/Local/Temp/UnrealXGEWorkingDir/
[2018.08.02-21.15.30:265][441]LogModuleManager: Shutting down and abandoning module TargetPlatform (150)
[2018.08.02-21.15.30:265][441]LogModuleManager: Shutting down and abandoning module VulkanShaderFormat (149)
[2018.08.02-21.15.30:265][441]LogModuleManager: Shutting down and abandoning module ShaderFormatVectorVM (147)
[2018.08.02-21.15.30:265][441]LogModuleManager: Shutting down and abandoning module ShaderFormatOpenGL (145)
[2018.08.02-21.15.30:265][441]LogModuleManager: Shutting down and abandoning module ShaderFormatD3D (143)
[2018.08.02-21.15.30:265][441]LogModuleManager: Shutting down and abandoning module MetalShaderFormat (141)
[2018.08.02-21.15.30:265][441]LogModuleManager: Shutting down and abandoning module TextureFormatUncompressed (139)
[2018.08.02-21.15.30:265][441]LogModuleManager: Shutting down and abandoning module TextureFormatPVR (137)
[2018.08.02-21.15.30:266][441]LogModuleManager: Shutting down and abandoning module TextureFormatDXT (135)
[2018.08.02-21.15.30:266][441]LogModuleManager: Shutting down and abandoning module TextureFormatIntelISPCTexComp (133)
[2018.08.02-21.15.30:266][441]LogModuleManager: Shutting down and abandoning module TextureFormatASTC (131)
[2018.08.02-21.15.30:266][441]LogModuleManager: Shutting down and abandoning module ImageWrapper (130)
[2018.08.02-21.15.30:266][441]LogModuleManager: Shutting down and abandoning module TextureFormatAndroid (127)
[2018.08.02-21.15.30:266][441]LogModuleManager: Shutting down and abandoning module AudioFormatOpus (125)
[2018.08.02-21.15.30:266][441]LogModuleManager: Shutting down and abandoning module AudioFormatOgg (123)
[2018.08.02-21.15.30:266][441]LogModuleManager: Shutting down and abandoning module AudioFormatADPCM (121)
[2018.08.02-21.15.30:266][441]LogModuleManager: Shutting down and abandoning module LinuxTargetPlatform (119)
[2018.08.02-21.15.30:267][441]LogModuleManager: Shutting down and abandoning module LinuxServerTargetPlatform (117)
[2018.08.02-21.15.30:267][441]LogModuleManager: Shutting down and abandoning module LinuxNoEditorTargetPlatform (115)
[2018.08.02-21.15.30:267][441]LogModuleManager: Shutting down and abandoning module LinuxClientTargetPlatform (113)
[2018.08.02-21.15.30:267][441]LogModuleManager: Shutting down and abandoning module TVOSTargetPlatform (111)
[2018.08.02-21.15.30:267][441]LogModuleManager: Shutting down and abandoning module Messaging (109)
[2018.08.02-21.15.30:267][441]LogModuleManager: Shutting down and abandoning module IOSTargetPlatform (107)
[2018.08.02-21.15.30:267][441]LogModuleManager: Shutting down and abandoning module HTML5TargetPlatform (105)
[2018.08.02-21.15.30:268][441]LogModuleManager: Shutting down and abandoning module AndroidTargetPlatform (103)
[2018.08.02-21.15.30:268][441]LogModuleManager: Shutting down and abandoning module Android_PVRTCTargetPlatform (101)
[2018.08.02-21.15.30:268][441]LogModuleManager: Shutting down and abandoning module Android_MultiTargetPlatform (99)
[2018.08.02-21.15.30:268][441]LogModuleManager: Shutting down and abandoning module Android_ETC2TargetPlatform (97)
[2018.08.02-21.15.30:268][441]LogModuleManager: Shutting down and abandoning module Android_ETC1TargetPlatform (95)
[2018.08.02-21.15.30:268][441]LogModuleManager: Shutting down and abandoning module Android_ETC1aTargetPlatform (93)
[2018.08.02-21.15.30:268][441]LogModuleManager: Shutting down and abandoning module Android_DXTTargetPlatform (91)
[2018.08.02-21.15.30:268][441]LogModuleManager: Shutting down and abandoning module Android_ATCTargetPlatform (89)
[2018.08.02-21.15.30:268][441]LogModuleManager: Shutting down and abandoning module Android_ASTCTargetPlatform (87)
[2018.08.02-21.15.30:269][441]LogModuleManager: Shutting down and abandoning module WindowsTargetPlatform (85)
[2018.08.02-21.15.30:269][441]LogModuleManager: Shutting down and abandoning module WindowsServerTargetPlatform (83)
[2018.08.02-21.15.30:269][441]LogModuleManager: Shutting down and abandoning module WindowsNoEditorTargetPlatform (81)
[2018.08.02-21.15.30:269][441]LogModuleManager: Shutting down and abandoning module WindowsClientTargetPlatform (79)
[2018.08.02-21.15.30:269][441]LogModuleManager: Shutting down and abandoning module MacTargetPlatform (77)
[2018.08.02-21.15.30:269][441]LogModuleManager: Shutting down and abandoning module MacServerTargetPlatform (75)
[2018.08.02-21.15.30:269][441]LogModuleManager: Shutting down and abandoning module MacNoEditorTargetPlatform (73)
[2018.08.02-21.15.30:269][441]LogModuleManager: Shutting down and abandoning module MacClientTargetPlatform (71)
[2018.08.02-21.15.30:269][441]LogModuleManager: Shutting down and abandoning module AllDesktopTargetPlatform (69)
[2018.08.02-21.15.30:269][441]LogModuleManager: Shutting down and abandoning module InputCore (66)
[2018.08.02-21.15.30:270][441]LogModuleManager: Shutting down and abandoning module Settings (64)
[2018.08.02-21.15.30:270][441]LogModuleManager: Shutting down and abandoning module PhysXCooking (62)
[2018.08.02-21.15.30:270][441]LogModuleManager: Shutting down and abandoning module SteamVR (60)
[2018.08.02-21.15.30:270][441]LogModuleManager: Shutting down and abandoning module OculusHMD (58)
[2018.08.02-21.15.30:270][441]LogModuleManager: Shutting down and abandoning module ExampleDeviceProfileSelector (56)
[2018.08.02-21.15.30:270][441]LogModuleManager: Shutting down and abandoning module AppleARKit (54)
[2018.08.02-21.15.30:270][441]LogModuleManager: Shutting down and abandoning module AugmentedReality (51)
[2018.08.02-21.15.30:270][441]LogModuleManager: Shutting down and abandoning module OnlineBlueprintSupport (48)
[2018.08.02-21.15.30:270][441]LogModuleManager: Shutting down and abandoning module OnlineSubsystem (44)
[2018.08.02-21.15.30:270][441]LogModuleManager: Shutting down and abandoning module XMPP (43)
[2018.08.02-21.15.30:270][441]LogModuleManager: Shutting down and abandoning module HTTP (41)
[2018.08.02-21.15.30:270][441]LogHttp: Display: Http module shutting down, but needs to wait on 1 outstanding Http requests:
[2018.08.02-21.15.30:271][441]LogHttp: Display: 	verb=[POST] url=[https://datarouter.ol.epicgames.com/datarouter/api/v1/public/data?SessionID=%7B363C4668-4522-A88C-7DFD-FF82961508DE%7D&AppID=UEEditor.Rocket.Release&AppVersion=4.19.2-4033788%2B%2B%2BUE4%2BRelease-4.19&UserID=6b8c11104da2b9eeff20238946b1bdf1%7C988c17fca83344c8ab1944ec1db311af%7C32313952-8376-4f1d-9d28-5869f0564ca6&AppEnvironment=datacollector-binary&UploadType=eteventstream] status=Processing
[2018.08.02-21.15.30:308][441]LogModuleManager: Shutting down and abandoning module SSL (40)
[2018.08.02-21.15.30:314][441]LogModuleManager: Shutting down and abandoning module AnimationModifiers (36)
[2018.08.02-21.15.30:314][441]LogModuleManager: Shutting down and abandoning module PropertyEditor (35)
[2018.08.02-21.15.30:314][441]LogModuleManager: Shutting down and abandoning module AudioEditor (32)
[2018.08.02-21.15.30:314][441]LogModuleManager: Shutting down and abandoning module TextureCompressor (30)
[2018.08.02-21.15.30:315][441]LogModuleManager: Shutting down and abandoning module ShaderCore (28)
[2018.08.02-21.15.30:315][441]LogModuleManager: Shutting down and abandoning module Landscape (26)
[2018.08.02-21.15.30:315][441]LogModuleManager: Shutting down and abandoning module SlateRHIRenderer (24)
[2018.08.02-21.15.30:317][441]LogModuleManager: Shutting down and abandoning module OpenGLDrv (22)
[2018.08.02-21.15.30:317][441]LogModuleManager: Shutting down and abandoning module D3D11RHI (20)
[2018.08.02-21.15.30:317][441]LogModuleManager: Shutting down and abandoning module AnimGraphRuntime (18)
[2018.08.02-21.15.30:317][441]LogModuleManager: Shutting down and abandoning module Renderer (16)
[2018.08.02-21.15.30:317][441]LogModuleManager: Shutting down and abandoning module Engine (14)
[2018.08.02-21.15.30:317][441]LogModuleManager: Shutting down and abandoning module CoreUObject (12)
[2018.08.02-21.15.30:317][441]LogModuleManager: Shutting down and abandoning module NetworkFile (10)
[2018.08.02-21.15.30:317][441]LogModuleManager: Shutting down and abandoning module CookedIterativeFile (8)
[2018.08.02-21.15.30:317][441]LogModuleManager: Shutting down and abandoning module StreamingFile (6)
[2018.08.02-21.15.30:318][441]LogModuleManager: Shutting down and abandoning module SandboxFile (4)
[2018.08.02-21.15.30:318][441]LogModuleManager: Shutting down and abandoning module PakFile (2)
[2018.08.02-21.15.30:327][441]LogExit: Exiting.
[2018.08.02-21.15.30:362][441]Log file closed, 08/02/18 17:15:30
