Log file open, 07/12/18 14:33:48
LogWindows: Failed to load 'aqProf.dll' (GetLastError=126)
LogWindows: File 'aqProf.dll' does not exist
LogWindows: Failed to load 'VtuneApi.dll' (GetLastError=126)
LogWindows: File 'VtuneApi.dll' does not exist
LogWindows: Failed to load 'VtuneApi32e.dll' (GetLastError=126)
LogWindows: File 'VtuneApi32e.dll' does not exist
LogInit: Display: Running engine for game: pinball
LogPlatformFile: Not using cached read wrapper
LogInit: Display: RandInit(1291616117) SRandInit(1291616117).
LogInit: Read version file with build ID '3944462'
LogInit: Overriding engine version to CL 4033788, compatible CL 3944462
LogInit: Registered custom module enumerator with build ID '3944462'
LogTaskGraph: Started task graph with 5 named threads and 11 total threads with 3 sets of task threads.
LogStats: Stats thread started at 0.181133
LogD3D11RHI: Aftermath initialized
LogICUInternationalization: Display: ICU TimeZone Detection - Raw Offset: -5:00, Platform Override: ''
LogModuleManager: Display: Found up-to-date module file ../../../Engine/Plugins/2D/Paper2D/Binaries/Win64/UE4Editor-Paper2D.dll (API version 3944462).
LogModuleManager: Display: Found up-to-date module file ../../../Engine/Plugins/2D/Paper2D/Binaries/Win64/UE4Editor-Paper2DEditor.dll (API version 3944462).
LogModuleManager: Display: Found up-to-date module file ../../../Engine/Plugins/2D/Paper2D/Binaries/Win64/UE4Editor-PaperSpriteSheetImporter.dll (API version 3944462).
LogModuleManager: Display: Found up-to-date module file ../../../Engine/Plugins/2D/Paper2D/Binaries/Win64/UE4Editor-PaperTiledImporter.dll (API version 3944462).
LogModuleManager: Display: Found up-to-date module file ../../../Engine/Plugins/2D/Paper2D/Binaries/Win64/UE4Editor-SmartSnapping.dll (API version 3944462).
LogModuleManager: Display: Found up-to-date module file ../../../Engine/Plugins/Blendables/LightPropagationVolume/Binaries/Win64/UE4Editor-LightPropagationVolumeRuntime.dll (API version 3944462).
LogModuleManager: Display: Found up-to-date module file ../../../Engine/Plugins/Blendables/LightPropagationVolume/Binaries/Win64/UE4Editor-LightPropagationVolumeEditor.dll (API version 3944462).
LogModuleManager: Display: Found up-to-date module file ../../../Engine/Plugins/Developer/CLionSourceCodeAccess/Binaries/Win64/UE4Editor-CLionSourceCodeAccess.dll (API version 3944462).
LogModuleManager: Display: Found up-to-date module file ../../../Engine/Plugins/Developer/GitSourceControl/Binaries/Win64/UE4Editor-GitSourceControl.dll (API version 3944462).
LogModuleManager: Display: Found up-to-date module file ../../../Engine/Plugins/Developer/PerforceSourceControl/Binaries/Win64/UE4Editor-PerforceSourceControl.dll (API version 3944462).
LogModuleManager: Display: Found up-to-date module file ../../../Engine/Plugins/Developer/SubversionSourceControl/Binaries/Win64/UE4Editor-SubversionSourceControl.dll (API version 3944462).
LogModuleManager: Display: Found up-to-date module file ../../../Engine/Plugins/Developer/UObjectPlugin/Binaries/Win64/UE4Editor-UObjectPlugin.dll (API version 3944462).
LogModuleManager: Display: Found up-to-date module file ../../../Engine/Plugins/Developer/VisualStudioCodeSourceCodeAccess/Binaries/Win64/UE4Editor-VisualStudioCodeSourceCodeAccess.dll (API version 3944462).
LogModuleManager: Display: Found up-to-date module file ../../../Engine/Plugins/Developer/VisualStudioSourceCodeAccess/Binaries/Win64/UE4Editor-VisualStudioSourceCodeAccess.dll (API version 3944462).
LogModuleManager: Display: Found up-to-date module file ../../../Engine/Plugins/Editor/AssetManagerEditor/Binaries/Win64/UE4Editor-AssetManagerEditor.dll (API version 3944462).
LogModuleManager: Display: Found up-to-date module file ../../../Engine/Plugins/Editor/CryptoKeys/Binaries/Win64/UE4Editor-CryptoKeys.dll (API version 3944462).
LogModuleManager: Display: Found up-to-date module file ../../../Engine/Plugins/Editor/CryptoKeys/Binaries/Win64/UE4Editor-CryptoKeysOpenSSL.dll (API version 3944462).
LogModuleManager: Display: Found up-to-date module file ../../../Engine/Plugins/Editor/DataValidation/Binaries/Win64/UE4Editor-DataValidation.dll (API version 3944462).
LogModuleManager: Display: Found up-to-date module file ../../../Engine/Plugins/Editor/FacialAnimation/Binaries/Win64/UE4Editor-FacialAnimation.dll (API version 3944462).
LogModuleManager: Display: Found up-to-date module file ../../../Engine/Plugins/Editor/FacialAnimation/Binaries/Win64/UE4Editor-FacialAnimationEditor.dll (API version 3944462).
LogModuleManager: Display: Found up-to-date module file ../../../Engine/Plugins/Editor/GameplayTagsEditor/Binaries/Win64/UE4Editor-GameplayTagsEditor.dll (API version 3944462).
LogModuleManager: Display: Found up-to-date module file ../../../Engine/Plugins/Editor/MobileLauncherProfileWizard/Binaries/Win64/UE4Editor-MobileLauncherProfileWizard.dll (API version 3944462).
LogModuleManager: Display: Found up-to-date module file ../../../Engine/Plugins/Editor/PluginBrowser/Binaries/Win64/UE4Editor-PluginBrowser.dll (API version 3944462).
LogModuleManager: Display: Found up-to-date module file ../../../Engine/Plugins/Editor/SpeedTreeImporter/Binaries/Win64/UE4Editor-SpeedTreeImporter.dll (API version 3944462).
LogModuleManager: Display: Found up-to-date module file ../../../Engine/Plugins/Enterprise/DatasmithContent/Binaries/Win64/UE4Editor-DatasmithContent.dll (API version 3944462).
LogModuleManager: Display: Found up-to-date module file ../../../Engine/Plugins/Experimental/AlembicImporter/Binaries/Win64/UE4Editor-AlembicImporter.dll (API version 3944462).
LogModuleManager: Display: Found up-to-date module file ../../../Engine/Plugins/Experimental/AlembicImporter/Binaries/Win64/UE4Editor-AlembicLibrary.dll (API version 3944462).
LogModuleManager: Display: Found up-to-date module file ../../../Engine/Plugins/Experimental/CharacterAI/Binaries/Win64/UE4Editor-CharacterAI.dll (API version 3944462).
LogModuleManager: Display: Found up-to-date module file ../../../Engine/Plugins/Experimental/HTML5Networking/Binaries/Win64/UE4Editor-HTML5Networking.dll (API version 3944462).
LogModuleManager: Display: Found up-to-date module file ../../../Engine/Plugins/Media/AndroidMedia/Binaries/Win64/UE4Editor-AndroidMediaEditor.dll (API version 3944462).
LogModuleManager: Display: Found up-to-date module file ../../../Engine/Plugins/Media/AndroidMedia/Binaries/Win64/UE4Editor-AndroidMediaFactory.dll (API version 3944462).
LogModuleManager: Display: Found up-to-date module file ../../../Engine/Plugins/Media/AvfMedia/Binaries/Win64/UE4Editor-AvfMediaEditor.dll (API version 3944462).
LogModuleManager: Display: Found up-to-date module file ../../../Engine/Plugins/Media/AvfMedia/Binaries/Win64/UE4Editor-AvfMediaFactory.dll (API version 3944462).
LogModuleManager: Display: Found up-to-date module file ../../../Engine/Plugins/Media/AvfMedia/Binaries/Win64/UE4Editor-AvfMediaFactory.dll (API version 3944462).
LogModuleManager: Display: Found up-to-date module file ../../../Engine/Plugins/Media/ImgMedia/Binaries/Win64/UE4Editor-ImgMedia.dll (API version 3944462).
LogModuleManager: Display: Found up-to-date module file ../../../Engine/Plugins/Media/ImgMedia/Binaries/Win64/UE4Editor-ImgMediaEditor.dll (API version 3944462).
LogModuleManager: Display: Found up-to-date module file ../../../Engine/Plugins/Media/ImgMedia/Binaries/Win64/UE4Editor-ImgMediaFactory.dll (API version 3944462).
LogModuleManager: Display: Found up-to-date module file ../../../Engine/Plugins/Media/ImgMedia/Binaries/Win64/UE4Editor-ImgMediaFactory.dll (API version 3944462).
LogModuleManager: Display: Found up-to-date module file ../../../Engine/Plugins/Media/ImgMedia/Binaries/Win64/UE4Editor-OpenExrWrapper.dll (API version 3944462).
LogModuleManager: Display: Found up-to-date module file ../../../Engine/Plugins/Media/LinearTimecode/Binaries/Win64/UE4Editor-LinearTimecode.dll (API version 3944462).
LogModuleManager: Display: Found up-to-date module file ../../../Engine/Plugins/Media/MediaCompositing/Binaries/Win64/UE4Editor-MediaCompositing.dll (API version 3944462).
LogModuleManager: Display: Found up-to-date module file ../../../Engine/Plugins/Media/MediaCompositing/Binaries/Win64/UE4Editor-MediaCompositingEditor.dll (API version 3944462).
LogModuleManager: Display: Found up-to-date module file ../../../Engine/Plugins/Media/MediaPlayerEditor/Binaries/Win64/UE4Editor-MediaPlayerEditor.dll (API version 3944462).
LogModuleManager: Display: Found up-to-date module file ../../../Engine/Plugins/Media/WmfMedia/Binaries/Win64/UE4Editor-WmfMedia.dll (API version 3944462).
LogModuleManager: Display: Found up-to-date module file ../../../Engine/Plugins/Media/WmfMedia/Binaries/Win64/UE4Editor-WmfMediaEditor.dll (API version 3944462).
LogModuleManager: Display: Found up-to-date module file ../../../Engine/Plugins/Media/WmfMedia/Binaries/Win64/UE4Editor-WmfMediaFactory.dll (API version 3944462).
LogModuleManager: Display: Found up-to-date module file ../../../Engine/Plugins/Media/WmfMedia/Binaries/Win64/UE4Editor-WmfMediaFactory.dll (API version 3944462).
LogModuleManager: Display: Found up-to-date module file ../../../Engine/Plugins/Messaging/TcpMessaging/Binaries/Win64/UE4Editor-TcpMessaging.dll (API version 3944462).
LogModuleManager: Display: Found up-to-date module file ../../../Engine/Plugins/Messaging/UdpMessaging/Binaries/Win64/UE4Editor-UdpMessaging.dll (API version 3944462).
LogModuleManager: Display: Found up-to-date module file ../../../Engine/Plugins/MovieScene/ActorSequence/Binaries/Win64/UE4Editor-ActorSequence.dll (API version 3944462).
LogModuleManager: Display: Found up-to-date module file ../../../Engine/Plugins/MovieScene/LevelSequenceEditor/Binaries/Win64/UE4Editor-LevelSequenceEditor.dll (API version 3944462).
LogModuleManager: Display: Found up-to-date module file ../../../Engine/Plugins/MovieScene/MatineeToLevelSequence/Binaries/Win64/UE4Editor-MatineeToLevelSequence.dll (API version 3944462).
LogModuleManager: Display: Found up-to-date module file ../../../Engine/Plugins/NetcodeUnitTest/NetcodeUnitTest/Binaries/Win64/UE4Editor-NetcodeUnitTest.dll (API version 3944462).
LogModuleManager: Display: Found up-to-date module file ../../../Engine/Plugins/NetcodeUnitTest/NUTUnrealEngine4/Binaries/Win64/UE4Editor-NUTUnrealEngine4.dll (API version 3944462).
LogModuleManager: Display: Found up-to-date module file ../../../Engine/Plugins/Online/OnlineSubsystem/Binaries/Win64/UE4Editor-OnlineSubsystem.dll (API version 3944462).
LogModuleManager: Display: Found up-to-date module file ../../../Engine/Plugins/Runtime/AndroidPermission/Binaries/Win64/UE4Editor-AndroidPermission.dll (API version 3944462).
LogModuleManager: Display: Found up-to-date module file ../../../Engine/Plugins/Online/OnlineSubsystemNull/Binaries/Win64/UE4Editor-OnlineSubsystemNull.dll (API version 3944462).
LogModuleManager: Display: Found up-to-date module file ../../../Engine/Plugins/Online/OnlineSubsystemUtils/Binaries/Win64/UE4Editor-OnlineSubsystemUtils.dll (API version 3944462).
LogModuleManager: Display: Found up-to-date module file ../../../Engine/Plugins/Online/OnlineSubsystemUtils/Binaries/Win64/UE4Editor-OnlineBlueprintSupport.dll (API version 3944462).
LogModuleManager: Display: Found up-to-date module file ../../../Engine/Plugins/Runtime/AndroidDeviceProfileSelector/Binaries/Win64/UE4Editor-AndroidDeviceProfileSelector.dll (API version 3944462).
LogModuleManager: Display: Found up-to-date module file ../../../Engine/Plugins/Runtime/AppleARKit/Binaries/Win64/UE4Editor-AppleARKit.dll (API version 3944462).
LogModuleManager: Display: Found up-to-date module file ../../../Engine/Plugins/Runtime/ProceduralMeshComponent/Binaries/Win64/UE4Editor-ProceduralMeshComponent.dll (API version 3944462).
LogModuleManager: Display: Found up-to-date module file ../../../Engine/Plugins/Runtime/ProceduralMeshComponent/Binaries/Win64/UE4Editor-ProceduralMeshComponentEditor.dll (API version 3944462).
LogModuleManager: Display: Found up-to-date module file ../../../Engine/Plugins/Animation/LiveLink/Binaries/Win64/UE4Editor-LiveLink.dll (API version 3944462).
LogModuleManager: Display: Found up-to-date module file ../../../Engine/Plugins/Animation/LiveLink/Binaries/Win64/UE4Editor-LiveLinkEditor.dll (API version 3944462).
LogModuleManager: Display: Found up-to-date module file ../../../Engine/Plugins/Runtime/ArchVisCharacter/Binaries/Win64/UE4Editor-ArchVisCharacter.dll (API version 3944462).
LogModuleManager: Display: Found up-to-date module file ../../../Engine/Plugins/Runtime/AudioCapture/Binaries/Win64/UE4Editor-AudioCapture.dll (API version 3944462).
LogModuleManager: Display: Found up-to-date module file ../../../Engine/Plugins/Runtime/AudioCapture/Binaries/Win64/UE4Editor-AudioCaptureEditor.dll (API version 3944462).
LogModuleManager: Display: Found up-to-date module file ../../../Engine/Plugins/Runtime/CableComponent/Binaries/Win64/UE4Editor-CableComponent.dll (API version 3944462).
LogModuleManager: Display: Found up-to-date module file ../../../Engine/Plugins/Runtime/CustomMeshComponent/Binaries/Win64/UE4Editor-CustomMeshComponent.dll (API version 3944462).
LogModuleManager: Display: Found up-to-date module file ../../../Engine/Plugins/Runtime/ExampleDeviceProfileSelector/Binaries/Win64/UE4Editor-ExampleDeviceProfileSelector.dll (API version 3944462).
LogModuleManager: Display: Found up-to-date module file ../../../Engine/Plugins/Runtime/ImmediatePhysics/Binaries/Win64/UE4Editor-ImmediatePhysics.dll (API version 3944462).
LogModuleManager: Display: Found up-to-date module file ../../../Engine/Plugins/Runtime/ImmediatePhysics/Binaries/Win64/UE4Editor-ImmediatePhysicsEditor.dll (API version 3944462).
LogModuleManager: Display: Found up-to-date module file ../../../Engine/Plugins/Runtime/LocationServicesBPLibrary/Binaries/Win64/UE4Editor-LocationServicesBPLibrary.dll (API version 3944462).
LogModuleManager: Display: Found up-to-date module file ../../../Engine/Plugins/Runtime/MobilePatchingUtils/Binaries/Win64/UE4Editor-MobilePatchingUtils.dll (API version 3944462).
LogModuleManager: Display: Found up-to-date module file ../../../Engine/Plugins/Runtime/Oculus/OculusVR/Binaries/Win64/UE4Editor-OculusHMD.dll (API version 3944462).
LogModuleManager: Display: Found up-to-date module file ../../../Engine/Plugins/Runtime/Oculus/OculusVR/Binaries/Win64/UE4Editor-OculusInput.dll (API version 3944462).
LogModuleManager: Display: Found up-to-date module file ../../../Engine/Plugins/Runtime/Oculus/OculusVR/Binaries/Win64/UE4Editor-OculusEditor.dll (API version 3944462).
LogModuleManager: Display: Found up-to-date module file ../../../Engine/Plugins/Runtime/PhysXVehicles/Binaries/Win64/UE4Editor-PhysXVehicles.dll (API version 3944462).
LogModuleManager: Display: Found up-to-date module file ../../../Engine/Plugins/Runtime/PhysXVehicles/Binaries/Win64/UE4Editor-PhysXVehiclesEditor.dll (API version 3944462).
LogModuleManager: Display: Found up-to-date module file ../../../Engine/Plugins/Runtime/RuntimePhysXCooking/Binaries/Win64/UE4Editor-RuntimePhysXCooking.dll (API version 3944462).
LogModuleManager: Display: Found up-to-date module file ../../../Engine/Plugins/Runtime/Steam/SteamVR/Binaries/Win64/UE4Editor-SteamVR.dll (API version 3944462).
LogModuleManager: Display: Found up-to-date module file ../../../Engine/Plugins/Runtime/Steam/SteamVR/Binaries/Win64/UE4Editor-SteamVRController.dll (API version 3944462).
LogModuleManager: Display: Found up-to-date module file ../../../Engine/Plugins/Runtime/WindowsMoviePlayer/Binaries/Win64/UE4Editor-WindowsMoviePlayer.dll (API version 3944462).
LogPluginManager: Mounting plugin Paper2D
LogPluginManager: Mounting plugin LiveLink
LogPluginManager: Mounting plugin LightPropagationVolume
LogPluginManager: Mounting plugin CLionSourceCodeAccess
LogPluginManager: Mounting plugin CodeLiteSourceCodeAccess
LogPluginManager: Mounting plugin GitSourceControl
LogPluginManager: Mounting plugin KDevelopSourceCodeAccess
LogPluginManager: Mounting plugin NullSourceCodeAccess
LogPluginManager: Mounting plugin PerforceSourceControl
LogPluginManager: Mounting plugin SubversionSourceControl
LogPluginManager: Mounting plugin UObjectPlugin
LogPluginManager: Mounting plugin VisualStudioCodeSourceCodeAccess
LogPluginManager: Mounting plugin VisualStudioSourceCodeAccess
LogPluginManager: Mounting plugin XCodeSourceCodeAccess
LogPluginManager: Mounting plugin AssetManagerEditor
LogPluginManager: Mounting plugin CryptoKeys
LogPluginManager: Mounting plugin DataValidation
LogPluginManager: Mounting plugin FacialAnimation
LogPluginManager: Mounting plugin GameplayTagsEditor
LogPluginManager: Mounting plugin MobileLauncherProfileWizard
LogPluginManager: Mounting plugin PluginBrowser
LogPluginManager: Mounting plugin SpeedTreeImporter
LogPluginManager: Mounting plugin DatasmithContent
LogPluginManager: Mounting plugin AlembicImporter
LogPluginManager: Mounting plugin CharacterAI
LogPluginManager: Mounting plugin HTML5Networking
LogPluginManager: Mounting plugin AndroidMedia
LogPluginManager: Mounting plugin AvfMedia
LogPluginManager: Mounting plugin ImgMedia
LogPluginManager: Mounting plugin LinearTimecode
LogPluginManager: Mounting plugin MediaCompositing
LogPluginManager: Mounting plugin MediaPlayerEditor
LogPluginManager: Mounting plugin WmfMedia
LogPluginManager: Mounting plugin TcpMessaging
LogPluginManager: Mounting plugin UdpMessaging
LogPluginManager: Mounting plugin ActorSequence
LogPluginManager: Mounting plugin LevelSequenceEditor
LogPluginManager: Mounting plugin MatineeToLevelSequence
LogPluginManager: Mounting plugin NetcodeUnitTest
LogPluginManager: Mounting plugin NUTUnrealEngine4
LogPluginManager: Mounting plugin OnlineSubsystemGooglePlay
LogPluginManager: Mounting plugin OnlineSubsystemIOS
LogPluginManager: Mounting plugin OnlineSubsystem
LogPluginManager: Mounting plugin OnlineSubsystemNull
LogPluginManager: Mounting plugin OnlineSubsystemUtils
LogPluginManager: Mounting plugin AndroidDeviceProfileSelector
LogPluginManager: Mounting plugin AndroidMoviePlayer
LogPluginManager: Mounting plugin AndroidPermission
LogPluginManager: Mounting plugin AppleARKit
LogPluginManager: Mounting plugin AppleMoviePlayer
LogPluginManager: Mounting plugin ArchVisCharacter
LogPluginManager: Mounting plugin AudioCapture
LogPluginManager: Mounting plugin CableComponent
LogPluginManager: Mounting plugin CustomMeshComponent
LogPluginManager: Mounting plugin ExampleDeviceProfileSelector
LogPluginManager: Mounting plugin GoogleCloudMessaging
LogPluginManager: Mounting plugin ImmediatePhysics
LogPluginManager: Mounting plugin IOSDeviceProfileSelector
LogPluginManager: Mounting plugin LinuxDeviceProfileSelector
LogPluginManager: Mounting plugin LocationServicesBPLibrary
LogPluginManager: Mounting plugin MobilePatchingUtils
LogPluginManager: Mounting plugin OculusVR
LogPluginManager: Plugin shader directory ../../../Engine/Plugins/Runtime/Oculus/OculusVR/Shaders found
LogPluginManager: Mapping shader source directory ../../../Engine/Plugins/Runtime/Oculus/OculusVR/Shaders to virtual directory /Plugin/OculusVR
LogPluginManager: Mounting plugin PhysXVehicles
LogPluginManager: Mounting plugin ProceduralMeshComponent
LogPluginManager: Mounting plugin RuntimePhysXCooking
LogPluginManager: Mounting plugin SteamVR
LogPluginManager: Mounting plugin WindowsMoviePlayer
LogStreaming: Display: Took  0.848s to configure plugins.
LogInit: Using libcurl 7.47.1
LogInit:  - built for x86_64-pc-win32
LogInit:  - supports SSL with OpenSSL/1.0.2g
LogInit:  - supports HTTP deflate (compression) using libz 1.2.8
LogInit:  - other features:
LogInit:      CURL_VERSION_SSL
LogInit:      CURL_VERSION_LIBZ
LogInit:      CURL_VERSION_IPV6
LogInit:      CURL_VERSION_ASYNCHDNS
LogInit:      CURL_VERSION_LARGEFILE
LogInit:      CURL_VERSION_IDN
LogInit:  CurlRequestOptions (configurable via config and command line):
LogInit:  - bVerifyPeer = false  - Libcurl will NOT verify peer certificate
LogInit:  - bUseHttpProxy = false  - Libcurl will NOT use HTTP proxy
LogInit:  - bDontReuseConnections = false  - Libcurl will reuse connections
LogInit:  - CertBundlePath = nullptr  - Libcurl will use whatever was configured at build time.
LogInit:  - MaxHostConnections = 16  - Libcurl will limit the number of connections to a host
LogInit:  - LocalHostAddr = Default
LogInit: WinSock: version 1.1 (2.2), MaxSocks=32767, MaxUdp=65467
LogInit: WinSock: I am GHEANIMS1017 (10.229.18.97:0)
LogInit: Build: ++UE4+Release-4.19-CL-4033788
LogInit: Engine Version: 4.19.2-4033788+++UE4+Release-4.19
LogInit: Compatible Engine Version: 4.19.0-3944462+++UE4+Release-4.19
LogInit: Net CL: 3944462
LogDevObjectVersion: Number of dev versions registered: 18
LogDevObjectVersion:   Dev-Blueprints (B0D832E4-1F89-4F0D-ACCF-7EB736FD4AA2): 10
LogDevObjectVersion:   Dev-Build (E1C64328-A22C-4D53-A36C-8E866417BD8C): 0
LogDevObjectVersion:   Dev-Core (375EC13C-06E4-48FB-B500-84F0262A717E): 2
LogDevObjectVersion:   Dev-Editor (E4B068ED-F494-42E9-A231-DA0B2E46BB41): 23
LogDevObjectVersion:   Dev-Framework (CFFC743F-43B0-4480-9391-14DF171D2073): 33
LogDevObjectVersion:   Dev-Mobile (B02B49B5-BB20-44E9-A304-32B752E40360): 2
LogDevObjectVersion:   Dev-Networking (A4E4105C-59A1-49B5-A7C5-40C4547EDFEE): 0
LogDevObjectVersion:   Dev-Online (39C831C9-5AE6-47DC-9A44-9C173E1C8E7C): 0
LogDevObjectVersion:   Dev-Physics (78F01B33-EBEA-4F98-B9B4-84EACCB95AA2): 0
LogDevObjectVersion:   Dev-Platform (6631380F-2D4D-43E0-8009-CF276956A95A): 0
LogDevObjectVersion:   Dev-Rendering (12F88B9F-8875-4AFC-A67C-D90C383ABD29): 25
LogDevObjectVersion:   Dev-Sequencer (7B5AE74C-D270-4C10-A958-57980B212A5A): 6
LogDevObjectVersion:   Dev-VR (D7296918-1DD6-4BDD-9DE2-64A83CC13884): 1
LogDevObjectVersion:   Dev-LoadTimes (C2A15278-BFE7-4AFE-6C17-90FF531DF755): 1
LogDevObjectVersion:   Private-Geometry (6EACA3D4-40EC-4CC1-B786-8BED09428FC5): 2
LogDevObjectVersion:   Dev-AnimPhys (29E575DD-E0A3-4627-9D10-D276232CDCEA): 16
LogDevObjectVersion:   Dev-ReflectionCapture (6B266CEC-1EC7-4B8F-A30B-E4D90942FC07): 1
LogDevObjectVersion:   Dev-Automation (0DF73D61-A23F-47EA-B727-89E90C41499A): 1
LogInit: Compiled (64-bit): Apr 27 2018 02:06:57
LogInit: Compiled with Visual C++: 19.00.24215.01
LogInit: Build Configuration: Development
LogInit: Branch Name: ++UE4+Release-4.19
LogInit: Command Line: -EpicPortal 
LogInit: Base Directory: C:/and_web_assets/UE/UE_4.19/Engine/Binaries/Win64/
LogInit: Installed Engine Build: 1
LogStreaming: Display: Took  0.000s to delete old logs.
LogInit: Presizing for max 8388607 objects, including 0 objects not considered by GC, pre-allocating 0 bytes for permanent pool.
LogInit: Object subsystem initialized
[2018.07.12-18.33.49:541][  0]LogInit: Selected Device Profile: [Windows]
[2018.07.12-18.33.49:541][  0]LogInit: Applying CVar settings loaded from the selected device profile: [Windows]
[2018.07.12-18.33.49:553][  0]LogInit: Computer: GHEANIMS1017
[2018.07.12-18.33.49:553][  0]LogInit: User: f000zsb
[2018.07.12-18.33.49:553][  0]LogInit: CPU Page size=4096, Cores=2
[2018.07.12-18.33.49:553][  0]LogInit: High frequency timer resolution =2.835939 MHz
[2018.07.12-18.33.49:553][  0]LogMemory: Memory total: Physical=15.7GB (16GB approx)
[2018.07.12-18.33.49:553][  0]LogMemory: Platform Memory Stats for Windows
[2018.07.12-18.33.49:553][  0]LogMemory: Process Physical Memory: 275.33 MB used, 275.33 MB peak
[2018.07.12-18.33.49:553][  0]LogMemory: Process Virtual Memory: 266.03 MB used, 266.03 MB peak
[2018.07.12-18.33.49:553][  0]LogMemory: Physical Memory: 8370.74 MB used,  7660.11 MB free, 16030.85 MB total
[2018.07.12-18.33.49:553][  0]LogMemory: Virtual Memory: 685.93 MB used,  7660.11 MB free, 134217728.00 MB total
[2018.07.12-18.33.49:566][  0]LogInit: Using OS detected language (en-US).
[2018.07.12-18.33.49:566][  0]LogInit: Using OS detected locale (en-US).
[2018.07.12-18.33.49:569][  0]LogTextLocalizationManager: No specific localization for 'en-US' exists, so the 'en' localization will be used.
[2018.07.12-18.33.49:966][  0]LogStreaming: Display: Took  0.400s to EndInitTextLocalization.
[2018.07.12-18.33.49:966][  0]LogInit: Setting process to per monitor DPI aware
[2018.07.12-18.33.50:002][  0]LogSlate: New Slate User Created.  User Index 0, Is Virtual User: 0
[2018.07.12-18.33.50:002][  0]LogSlate: Slate User Registered.  User Index 0, Is Virtual User: 0
[2018.07.12-18.33.50:197][  0]LogD3D11RHI: D3D11 adapters:
[2018.07.12-18.33.50:206][  0]LogD3D11RHI:    0. 'Intel(R) HD Graphics 620' (Feature Level 11_0)
[2018.07.12-18.33.50:206][  0]LogD3D11RHI:       128/0/8015 MB DedicatedVideo/DedicatedSystem/SharedSystem, Outputs:1, VendorId:0x8086
[2018.07.12-18.33.50:208][  0]LogD3D11RHI:    1. 'Microsoft Basic Render Driver' (Feature Level 11_0)
[2018.07.12-18.33.50:208][  0]LogD3D11RHI:       0/0/8015 MB DedicatedVideo/DedicatedSystem/SharedSystem, Outputs:0, VendorId:0x1414
[2018.07.12-18.33.50:210][  0]LogD3D11RHI:    2. 'Microsoft Basic Render Driver' (Feature Level 11_0)
[2018.07.12-18.33.50:210][  0]LogD3D11RHI:       0/0/8015 MB DedicatedVideo/DedicatedSystem/SharedSystem, Outputs:0, VendorId:0x1414
[2018.07.12-18.33.50:210][  0]LogD3D11RHI: Chosen D3D11 Adapter: 0
[2018.07.12-18.33.50:217][  0]LogD3D11RHI: Creating new Direct3DDevice
[2018.07.12-18.33.50:217][  0]LogD3D11RHI:     GPU DeviceId: 0x5916 (for the marketing name, search the web for "GPU Device Id")
[2018.07.12-18.33.50:217][  0]LogWindows: EnumDisplayDevices:
[2018.07.12-18.33.50:217][  0]LogWindows:    0. 'Intel(R) HD Graphics 620' (P:1 D:1)
[2018.07.12-18.33.50:217][  0]LogWindows:    1. 'Intel(R) HD Graphics 620' (P:0 D:0)
[2018.07.12-18.33.50:217][  0]LogWindows:    2. 'Intel(R) HD Graphics 620' (P:0 D:0)
[2018.07.12-18.33.50:217][  0]LogWindows:    3. 'DisplayLink USB Device' (P:0 D:0)
[2018.07.12-18.33.50:217][  0]LogWindows:    4. 'DisplayLink USB Device' (P:0 D:0)
[2018.07.12-18.33.50:218][  0]LogWindows:    5. 'LANDesk Remote Control Mirror Driver' (P:0 D:0)
[2018.07.12-18.33.50:218][  0]LogWindows: DebugString: GetVideoDriverDetailsInvalid PrimaryIsNotTheChoosenAdapter GetVideoDriverDetailsInvalid PrimaryIsNotTheChoosenAdapter GetVideoDriverDetailsInvalid PrimaryIsNotTheChoosenAdapter GetVideoDriverDetailsInvalid PrimaryIsNotTheChoosenAdapter GetVideoDriverDetailsInvalid PrimaryIsNotTheChoosenAdapter GetVideoDriverDetailsInvalid PrimaryIsNotTheChoosenAdapter FoundDriverCount:0 
[2018.07.12-18.33.50:218][  0]LogD3D11RHI:     Adapter Name: Intel(R) HD Graphics 620
[2018.07.12-18.33.50:218][  0]LogD3D11RHI:   Driver Version: Unknown (internal:Unknown, unified:Unknown)
[2018.07.12-18.33.50:218][  0]LogD3D11RHI:      Driver Date: Unknown
[2018.07.12-18.33.50:218][  0]LogRHI: Texture pool is 1523 MB (70% of 2176 MB)
[2018.07.12-18.33.50:227][  0]LogD3D11RHI: Async texture creation enabled
[2018.07.12-18.33.50:233][  0]LogD3D11RHI: GPU Timing Frequency: 12.000000 (Debug: 2 0)
[2018.07.12-18.33.50:234][  0]LogShaderCompilers: Guid format shader working directory is 20 characters bigger than the processId version (../../../../Projects/pinball/Intermediate/Shaders/WorkingDirectory/2392/).
[2018.07.12-18.33.50:234][  0]LogShaderCompilers: Cleaned the shader compiler working directory 'C:/Users/f000zsb/AppData/Local/Temp/UnrealShaderWorkingDir/E9EC8115494DAAF4AE614185FC420032/'.
[2018.07.12-18.33.50:448][  0]LogTemp: Display: Loaded TP AllDesktopTargetPlatform
[2018.07.12-18.33.50:461][  0]LogTemp: Display: Loaded TP MacClientTargetPlatform
[2018.07.12-18.33.50:472][  0]LogTemp: Display: Loaded TP MacNoEditorTargetPlatform
[2018.07.12-18.33.50:484][  0]LogTemp: Display: Loaded TP MacServerTargetPlatform
[2018.07.12-18.33.50:499][  0]LogTemp: Display: Loaded TP MacTargetPlatform
[2018.07.12-18.33.50:510][  0]LogTemp: Display: Loaded TP WindowsClientTargetPlatform
[2018.07.12-18.33.50:523][  0]LogTemp: Display: Loaded TP WindowsNoEditorTargetPlatform
[2018.07.12-18.33.50:534][  0]LogTemp: Display: Loaded TP WindowsServerTargetPlatform
[2018.07.12-18.33.50:538][  0]LogTemp: Display: Loaded TP WindowsTargetPlatform
[2018.07.12-18.33.50:549][  0]LogTemp: Display: Loaded TP Android_ASTCTargetPlatform
[2018.07.12-18.33.50:562][  0]LogTemp: Display: Loaded TP Android_ATCTargetPlatform
[2018.07.12-18.33.50:573][  0]LogTemp: Display: Loaded TP Android_DXTTargetPlatform
[2018.07.12-18.33.50:584][  0]LogTemp: Display: Loaded TP Android_ETC1aTargetPlatform
[2018.07.12-18.33.50:596][  0]LogTemp: Display: Loaded TP Android_ETC1TargetPlatform
[2018.07.12-18.33.50:605][  0]LogTemp: Display: Loaded TP Android_ETC2TargetPlatform
[2018.07.12-18.33.50:628][  0]LogTemp: Display: Loaded TP Android_MultiTargetPlatform
[2018.07.12-18.33.50:628][  0]LogTemp: Display: Loaded TP Android_PVRTCTargetPlatform
[2018.07.12-18.33.50:637][  0]LogTemp: Display: Loaded TP AndroidTargetPlatform
[2018.07.12-18.33.50:638][  0]LogTemp: Display: Loaded TP HTML5TargetPlatform
[2018.07.12-18.33.50:672][  0]LogTemp: Display: Loaded TP IOSTargetPlatform
[2018.07.12-18.33.50:684][  0]LogTemp: Display: Loaded TP TVOSTargetPlatform
[2018.07.12-18.33.50:696][  0]LogTemp: Display: Loaded TP LinuxClientTargetPlatform
[2018.07.12-18.33.50:706][  0]LogTemp: Display: Loaded TP LinuxNoEditorTargetPlatform
[2018.07.12-18.33.50:717][  0]LogTemp: Display: Loaded TP LinuxServerTargetPlatform
[2018.07.12-18.33.50:733][  0]LogTemp: Display: Loaded TP LinuxTargetPlatform
[2018.07.12-18.33.50:733][  0]LogTargetPlatformManager: Display: Building Assets For Windows
[2018.07.12-18.33.50:830][  0]LogXGEController: Cannot use XGE Controller as Incredibuild is not installed on this machine.
[2018.07.12-18.33.50:830][  0]LogShaderCompilers: Cannot use XGE Shader Compiler as Incredibuild is not installed on this machine.
[2018.07.12-18.33.50:830][  0]LogShaderCompilers: Display: Using Local Shader Compiler.
[2018.07.12-18.33.51:534][  0]LogDerivedDataCache: Display: Max Cache Size: 512 MB
[2018.07.12-18.33.51:599][  0]LogDerivedDataCache: Loaded boot cache 0.06s 74MB C:/Users/f000zsb/AppData/Local/UnrealEngine/4.19/DerivedDataCache/Boot.ddc.
[2018.07.12-18.33.51:599][  0]LogDerivedDataCache: Display: Loaded Boot cache: C:/Users/f000zsb/AppData/Local/UnrealEngine/4.19/DerivedDataCache/Boot.ddc
[2018.07.12-18.33.51:599][  0]LogDerivedDataCache: FDerivedDataBackendGraph:  Pak pak cache file ../../../../Projects/pinball/DerivedDataCache/DDC.ddp not found, will not use a pak cache.
[2018.07.12-18.33.51:599][  0]LogDerivedDataCache: Unable to find inner node Pak for hierarchical cache Hierarchy.
[2018.07.12-18.33.51:599][  0]LogDerivedDataCache: FDerivedDataBackendGraph:  CompressedPak pak cache file ../../../../Projects/pinball/DerivedDataCache/Compressed.ddp not found, will not use a pak cache.
[2018.07.12-18.33.51:599][  0]LogDerivedDataCache: Unable to find inner node CompressedPak for hierarchical cache Hierarchy.
[2018.07.12-18.33.51:612][  0]LogDerivedDataCache: Display: Pak cache opened for reading ../../../Engine/DerivedDataCache/Compressed.ddp.
[2018.07.12-18.33.51:624][  0]LogDerivedDataCache: Using Local data cache path C:/Users/f000zsb/AppData/Local/UnrealEngine/Common/DerivedDataCache: Writable
[2018.07.12-18.33.51:624][  0]LogDerivedDataCache: Shared data cache path not found in *engine.ini, will not use an Shared cache.
[2018.07.12-18.33.51:624][  0]LogDerivedDataCache: Unable to find inner node Shared for hierarchical cache Hierarchy.
[2018.07.12-18.33.51:635][  0]LogMaterial: Verifying Global Shaders for PCD3D_SM5
[2018.07.12-18.33.51:635][  0]LogSlate: Using Freetype 2.6.0
[2018.07.12-18.33.51:636][  0]LogSlate: SlateFontCache - WITH_FREETYPE: 1, WITH_HARFBUZZ: 1
[2018.07.12-18.33.51:636][  0]LogSlate: SlateFontCache - WITH_FREETYPE: 1, WITH_HARFBUZZ: 1
[2018.07.12-18.33.51:742][  0]LogAssetRegistry: FAssetRegistry took 0.0260 seconds to start up
[2018.07.12-18.33.52:032][  0]LogInit: Selected Device Profile: [Windows]
[2018.07.12-18.33.52:165][  0]LogSimplygon: Simplygon DLL not present - disabling.
[2018.07.12-18.33.52:167][  0]LogMeshReduction: Using SimplygonSwarm for distributed automatic mesh merging
[2018.07.12-18.33.52:167][  0]LogMeshReduction: Using QuadricMeshReduction for automatic static mesh reduction
[2018.07.12-18.33.52:167][  0]LogMeshReduction: No automatic skeletal mesh reduction module available
[2018.07.12-18.33.52:167][  0]LogMeshReduction: No automatic mesh merging module available
[2018.07.12-18.33.52:167][  0]LogMeshMerging: No automatic mesh merging module available
[2018.07.12-18.33.52:191][  0]LogNetVersion: pinball , NetCL: 3944462, EngineNetVer: 2, GameNetVer: 0 (Checksum: 3476590221)
[2018.07.12-18.33.52:619][  0]LogPackageLocalizationCache: Processed 9 localized package path(s) for 2 prioritized culture(s) in 0.073008 seconds
[2018.07.12-18.33.52:624][  0]LogUObjectArray: 36728 objects as part of root set at end of initial load.
[2018.07.12-18.33.52:625][  0]LogUObjectAllocator: 7314304 out of 0 bytes used by permanent object pool.
[2018.07.12-18.33.52:625][  0]LogUObjectArray: CloseDisregardForGC: 0/0 objects in disregard for GC pool
[2018.07.12-18.33.54:057][  0]LogTcpMessaging: Initializing TcpMessaging bridge
[2018.07.12-18.33.54:083][  0]LogUdpMessaging: Initializing bridge on interface 0.0.0.0:0 to multicast group 230.0.0.1:6666.
[2018.07.12-18.33.54:366][  0]SourceControl: Source control is disabled
[2018.07.12-18.33.54:366][  0]SourceControl: Source control is disabled
[2018.07.12-18.33.54:378][  0]SourceControl: Source control is disabled
[2018.07.12-18.33.54:392][  0]SourceControl: Source control is disabled
[2018.07.12-18.33.54:807][  0]LogAndroidPermission: UAndroidPermissionCallbackProxy::GetInstance
[2018.07.12-18.33.54:934][  0]LogOcInput: OculusInput pre-init called
[2018.07.12-18.33.55:020][  0]LogEngine: Initializing Engine...
[2018.07.12-18.33.55:022][  0]LogHMD: Failed to initialize OpenVR with code 110
[2018.07.12-18.33.55:023][  0]LogStats: UGameplayTagsManager::ConstructGameplayTagTree: Construct from data asset -  0.000 s
[2018.07.12-18.33.55:023][  0]LogStats: UGameplayTagsManager::ConstructGameplayTagTree: GameplayTagTreeChangedEvent.Broadcast -  0.000 s
[2018.07.12-18.33.55:234][  0]LogAIModule: Creating AISystem for world Untitled
[2018.07.12-18.33.55:255][  0]LogInit: XAudio2 using 'Speakers (Dell USB Audio)' : 2 channels at 48 kHz using 16 bits per sample (channel mask 0x3)
[2018.07.12-18.33.55:273][  0]LogInit: FAudioDevice initialized.
[2018.07.12-18.33.55:361][  0]LogDerivedDataCache: Saved boot cache 0.09s 74MB C:/Users/f000zsb/AppData/Local/UnrealEngine/4.19/DerivedDataCache/Boot.ddc.
[2018.07.12-18.33.55:374][  0]LogInit: Texture streaming: Enabled
[2018.07.12-18.33.55:391][  0]LogEngineSessionManager: EngineSessionManager initialized
[2018.07.12-18.33.55:404][  0]LogInit: Transaction tracking system initialized
[2018.07.12-18.33.55:426][  0]BlueprintLog: New page: Editor Load
[2018.07.12-18.33.55:490][  0]LocalizationService: Localization service is disabled
[2018.07.12-18.33.55:574][  0]LogConsoleResponse: Display: 
[2018.07.12-18.33.55:730][  0]LogCook: Display: Max memory allowance for cook 16384mb min free memory 0mb
[2018.07.12-18.33.55:731][  0]LogFileCache: Scanning file cache for directory 'C:/and_web_assets/UE/Projects/pinball/Content/' took 0.01s
[2018.07.12-18.33.55:731][  0]LogCook: Display: Mobile HDR setting 1
[2018.07.12-18.33.55:731][  0]LogGameplayTags: Display: UGameplayTagsManager::DoneAddingNativeTags. DelegateIsBound: 0
[2018.07.12-18.33.55:731][  0]LogStats: UGameplayTagsManager::ConstructGameplayTagTree: Construct from data asset -  0.000 s
[2018.07.12-18.33.55:731][  0]LogStats: UGameplayTagsManager::ConstructGameplayTagTree: GameplayTagTreeChangedEvent.Broadcast -  0.000 s
[2018.07.12-18.33.56:014][  0]SourceControl: Source control is disabled
[2018.07.12-18.33.56:014][  0]Cmd: MAP LOAD FILE="../../../Engine/Content/Maps/Templates/Template_Default.umap" TEMPLATE=1 SHOWPROGRESS=1 FEATURELEVEL=3
[2018.07.12-18.33.56:015][  0]LightingResults: New page: Lighting Build
[2018.07.12-18.33.56:017][  0]MapCheck: New page: Map Check
[2018.07.12-18.33.56:017][  0]LightingResults: New page: Lighting Build
[2018.07.12-18.33.56:202][  0]LogAIModule: Creating AISystem for world Untitled_1
[2018.07.12-18.33.56:207][  0]LogEditorServer: Finished looking for orphan Actors (0.000 secs)
[2018.07.12-18.33.56:222][  0]Cmd: MAP CHECKDEP NOCLEARLOG
[2018.07.12-18.33.56:271][  0]MapCheck: Map check complete: 0 Error(s), 0 Warning(s), took 49.129ms to complete.
[2018.07.12-18.33.56:271][  0]LogFileHelpers: Loading map 'Template_Default' took 0.257
[2018.07.12-18.33.56:401][  0]LogCollectionManager: Loaded 0 collections in 0.001555 seconds
[2018.07.12-18.33.56:441][  0]LogFileCache: Scanning file cache for directory 'C:/and_web_assets/UE/Projects/pinball/Saved/Collections/' took 0.01s
[2018.07.12-18.33.56:441][  0]LogFileCache: Scanning file cache for directory 'C:/and_web_assets/UE/Projects/pinball/Content/Developers/f000zsb/Collections/' took 0.01s
[2018.07.12-18.33.56:441][  0]LogFileCache: Scanning file cache for directory 'C:/and_web_assets/UE/Projects/pinball/Content/Collections/' took 0.01s
[2018.07.12-18.33.56:441][  0]LogCollectionManager: Rebuilt the GUID cache for 0 collections in 0.000000 seconds
[2018.07.12-18.33.56:450][  0]LogContentBrowser: Native class hierarchy populated in 0.0083 seconds. Added 2452 classes and 558 folders.
[2018.07.12-18.33.56:457][  0]LogContentBrowser: Native class hierarchy updated for 'WidgetCarousel' in 0.0002 seconds. Added 0 classes and 0 folders.
[2018.07.12-18.33.56:485][  0]LogContentBrowser: Native class hierarchy updated for 'AddContentDialog' in 0.0002 seconds. Added 0 classes and 0 folders.
[2018.07.12-18.33.56:491][  0]LogContentBrowser: Native class hierarchy updated for 'SceneOutliner' in 0.0003 seconds. Added 1 classes and 2 folders.
[2018.07.12-18.33.56:508][  0]LogSlate: Took 0.000210 seconds to synchronously load lazily loaded font '../../../Engine/Content/Slate/Fonts/Roboto-Regular.ttf' (155K)
[2018.07.12-18.33.56:510][  0]LogSlate: Took 0.000231 seconds to synchronously load lazily loaded font '../../../Engine/Content/Slate/Fonts/Roboto-Bold.ttf' (160K)
[2018.07.12-18.33.56:516][  0]LogSlate: Took 0.000153 seconds to synchronously load lazily loaded font '../../../Engine/Content/Editor/Slate/Fonts/FontAwesome.ttf' (139K)
[2018.07.12-18.33.56:631][  0]LogRenderer: Reallocating scene render targets to support 1208x576 Format 10 NumSamples 1 (Frame:1).
[2018.07.12-18.33.57:741][  0]LogContentBrowser: Native class hierarchy updated for 'HierarchicalLODOutliner' in 0.0003 seconds. Added 0 classes and 0 folders.
[2018.07.12-18.33.57:741][  0]LogLoad: (Engine Initialization) Total time: 10.14 seconds
[2018.07.12-18.33.57:741][  0]LogLoad: (Engine Initialization) Total Blueprint compile time: 0.00 seconds
[2018.07.12-18.33.57:759][  0]LogWindowsTextInputMethodSystem: Display: IME system now deactivated.
[2018.07.12-18.33.57:777][  0]LogContentStreaming: Texture pool size now 1000 MB
[2018.07.12-18.33.57:805][  1]LogAssetRegistry: Asset discovery search completed in 6.0857 seconds
[2018.07.12-18.33.57:807][  1]LogCollectionManager: Rebuilt the object cache for 0 collections in 0.000000 seconds (found 0 objects)
[2018.07.12-18.33.57:807][  1]LogCollectionManager: Fixed up redirectors for 0 collections in 0.000047 seconds (updated 0 objects)
[2018.07.12-18.34.01:815][100]LogSlate: Took 0.000207 seconds to synchronously load lazily loaded font '../../../Engine/Content/Slate/Fonts/Roboto-Light.ttf' (167K)
[2018.07.12-18.34.06:738][235]LogEditorViewport: Clicking on Actor (LMB): StaticMeshActor (Floor)
[2018.07.12-18.34.32:710][763]Cmd: DELETE
[2018.07.12-18.34.32:710][763]Cmd: ACTOR DELETE
[2018.07.12-18.34.32:715][763]LogEditorActor: Deleted Actor: StaticMeshActor
[2018.07.12-18.34.32:753][763]LogEditorActor: Deleted 1 Actors (0.041 secs)
[2018.07.12-18.34.33:403][779]LogEditorViewport: Clicking on Actor (LMB): StaticMeshActor (Floor)
[2018.07.12-18.34.33:642][781]Cmd: DELETE
[2018.07.12-18.34.33:643][781]Cmd: ACTOR DELETE
[2018.07.12-18.34.33:645][781]LogEditorActor: Deleted Actor: StaticMeshActor
[2018.07.12-18.34.33:676][781]LogEditorActor: Deleted 1 Actors (0.034 secs)
[2018.07.12-18.34.38:182][905]LogSlate: FSceneViewport::OnFocusLost() reason 0
[2018.07.12-18.34.43:342][ 42]Cmd: BRUSH ADD SELECTNEWBRUSH
[2018.07.12-18.34.50:986][229]LogEditorViewport: Clicking on Actor (LMB): PlayerStart (Player Start)
[2018.07.12-18.34.53:791][297]Cmd: DELETE
[2018.07.12-18.34.53:791][297]Cmd: ACTOR DELETE
[2018.07.12-18.34.53:795][297]LogEditorActor: Deleted Actor: PlayerStart
[2018.07.12-18.34.53:837][297]LogEditorActor: Deleted 1 Actors (0.045 secs)
[2018.07.12-18.34.57:116][385]LogSlate: FSceneViewport::OnFocusLost() reason 0
[2018.07.12-18.34.57:373][394]LogSlate: Took 0.000359 seconds to synchronously load lazily loaded font '../../../Engine/Content/Slate/Fonts/Roboto-Light.ttf' (167K)
[2018.07.12-18.34.58:357][395]LogRenderer: Reallocating scene render targets to support 1208x740 Format 10 NumSamples 1 (Frame:1).
[2018.07.12-18.35.01:627][429]LogSlate: Window 'BallSphere' being destroyed
[2018.07.12-18.35.04:693][493]LogUObjectGlobals: Created PersistentFrame Addr=0x000002529eb5d000, Size=368, Default__bp_ball_C Function /Game/Blueprints/bp_ball.bp_ball_C:ExecuteUbergraph_bp_ball
[2018.07.12-18.35.04:704][493]LogUObjectGlobals: Destroyed PersistentFrame Addr=0x000002529eb5d000, Size=368
[2018.07.12-18.35.04:704][493]LogUObjectGlobals: Created PersistentFrame Addr=0x00000252df6b0880, Size=368, Default__bp_ball_C Function /Engine/Transient.REINST_bp_ball_C_5:ExecuteUbergraph_bp_ball
[2018.07.12-18.35.04:712][493]LogUObjectGlobals: Created PersistentFrame Addr=0x00000252b3f1eb00, Size=368, Default__bp_ball_C Function /Game/Blueprints/bp_ball.bp_ball_C:ExecuteUbergraph_bp_ball
[2018.07.12-18.35.05:318][493]LogContentBrowser: Native class hierarchy updated for 'BlueprintGraph' in 0.0007 seconds. Added 116 classes and 0 folders.
[2018.07.12-18.35.05:649][493]LogUObjectGlobals: Created PersistentFrame Addr=0x00000252dd642290, Size=4, Default__SKEL_PROTO_BP_AnimBlueprint_0_C Function /Engine/Transient.SKEL_PROTO_BP_AnimBlueprint_0_C:ExecuteUbergraph_PROTO_BP_AnimBlueprint_0
[2018.07.12-18.35.05:649][493]LogUObjectGlobals: Created PersistentFrame Addr=0x00000252dd642288, Size=4, Default__PROTO_BP_AnimBlueprint_0_C Function /Engine/Transient.PROTO_BP_AnimBlueprint_0_C:ExecuteUbergraph_PROTO_BP_AnimBlueprint_0
[2018.07.12-18.35.06:055][493]LogSlate: Took 0.000330 seconds to synchronously load lazily loaded font '../../../Engine/Content/Slate/Fonts/Roboto-BoldCondensed.ttf' (158K)
[2018.07.12-18.35.06:179][494]LogSlate: Took 0.000214 seconds to synchronously load lazily loaded font '../../../Engine/Content/Slate/Fonts/Roboto-Italic.ttf' (157K)
[2018.07.12-18.35.08:807][555]LogSlate: Window 'bp_ball' being destroyed
[2018.07.12-18.35.08:831][555]LogSlate: Window 'bp_ball' being destroyed
[2018.07.12-18.35.29:320][ 53]Cmd: SELECT NONE
[2018.07.12-18.35.40:511][321]LogEditorViewport: Clicking on Actor (LMB): BP_Sky_Sphere_C (Sky Sphere)
[2018.07.12-18.35.40:700][322]LogEditorViewport: Clicking on Component (LMB): StaticMeshComponent (Sky Sphere mesh)
[2018.07.12-18.35.44:528][407]LogEditorViewport: Clicking on Actor (LMB): BP_Sky_Sphere_C (Sky Sphere)
[2018.07.12-18.35.51:941][573]LogSlate: FSceneViewport::OnFocusLost() reason 0
[2018.07.12-18.35.57:009][697]LogEditorViewport: Clicking on Actor (LMB): BP_Sky_Sphere_C (Sky Sphere)
[2018.07.12-18.35.57:706][710]LogEditorViewport: Clicking on Actor (LMB): SphereReflectionCapture (SphereReflectionCapture)
[2018.07.12-18.36.14:206][102]LogSlate: FSceneViewport::OnFocusLost() reason 0
[2018.07.12-18.36.44:991][837]LogSlate: FSceneViewport::OnFocusLost() reason 0
[2018.07.12-18.37.06:812][392]LogSlate: FSceneViewport::OnFocusLost() reason 2
[2018.07.12-18.37.08:434][392]LogTextFormatter: Warning: Failed to parse argument "ExistingAsset" as a number (using "0" as a fallback). Please check your format string for errors: "{ExistingAsset} already exists. Do you want to replace it?".
[2018.07.12-18.37.09:953][392]LogSlate: Window 'Message' being destroyed
[2018.07.12-18.37.09:958][392]LogSlate: Window 'Save Level As' being destroyed
[2018.07.12-18.37.10:019][392]LogSlate: FSceneViewport::OnFocusLost() reason 2
[2018.07.12-18.37.10:032][392]Cmd: OBJ SAVEPACKAGE PACKAGE="/Game/NewMap" FILE="../../../../Projects/pinball/Content/NewMap.umap" SILENT=true AUTOSAVING=false KEEPDIRTY=false
[2018.07.12-18.37.10:055][392]LogUObjectGlobals: Destroyed PersistentFrame Addr=0x00000252df6b0880, Size=368
[2018.07.12-18.37.10:097][392]LogSavePackage: Save=29.71ms
[2018.07.12-18.37.10:097][392]LogSavePackage: Moving '../../../../Projects/pinball/Saved/NewMap2B8360454C66C01260D710BABABE0706.tmp' to '../../../../Projects/pinball/Content/NewMap.umap'
[2018.07.12-18.37.10:099][392]LogSavePackage: Display: Finished SavePackage ../../../../Projects/pinball/Content/NewMap.umap
[2018.07.12-18.37.10:125][392]Cmd: OBJ SAVEPACKAGE PACKAGE="/Game/NewMap_BuiltData" FILE="../../../../Projects/pinball/Content/NewMap_BuiltData.uasset" SILENT=true
[2018.07.12-18.37.10:151][392]LogSavePackage: Save=16.54ms
[2018.07.12-18.37.10:151][392]LogSavePackage: Moving '../../../../Projects/pinball/Saved/NewMap_BuiltDataED79887C45983A920BFC4BABAD3B7B89.tmp' to '../../../../Projects/pinball/Content/NewMap_BuiltData.uasset'
[2018.07.12-18.37.10:151][392]LogSavePackage: Display: Finished SavePackage ../../../../Projects/pinball/Content/NewMap_BuiltData.uasset
[2018.07.12-18.37.10:159][392]LogFileHelpers: Saving map 'NewMap' took 0.195
[2018.07.12-18.37.11:971][440]LogSlate: FSceneViewport::OnFocusLost() reason 0
[2018.07.12-18.37.12:047][441]LogTemp: Repeating last play command: Selected Viewport
[2018.07.12-18.37.12:074][441]LogPlayLevel: PlayLevel: No blueprints needed recompiling
[2018.07.12-18.37.12:074][441]PIE: New page: PIE session: NewMap (Jul 12, 2018, 10:37:12 AM)
[2018.07.12-18.37.12:074][441]LogPlayLevel: Creating play world package: /Game/UEDPIE_0_NewMap
[2018.07.12-18.37.12:080][441]LogPlayLevel: PIE: StaticDuplicateObject took: (0.005869s)
[2018.07.12-18.37.12:081][441]LogAIModule: Creating AISystem for world NewMap
[2018.07.12-18.37.12:081][441]LogPlayLevel: PIE: World Init took: (0.001185s)
[2018.07.12-18.37.12:081][441]LogPlayLevel: PIE: Created PIE world by copying editor world from /Game/NewMap.NewMap to /Game/UEDPIE_0_NewMap.NewMap (0.007313s)
[2018.07.12-18.37.12:106][441]LogInit: XAudio2 using 'Speakers (Dell USB Audio)' : 2 channels at 48 kHz using 16 bits per sample (channel mask 0x3)
[2018.07.12-18.37.12:113][441]LogInit: FAudioDevice initialized.
[2018.07.12-18.37.12:162][441]LogLoad: Game class is 'GameModeBase'
[2018.07.12-18.37.12:166][441]LogWorld: Bringing World /Game/UEDPIE_0_NewMap.NewMap up for play (max tick rate 60) at 2018.07.12-14.37.12
[2018.07.12-18.37.12:166][441]LogWorld: Bringing up level for play took: 0.001358
[2018.07.12-18.37.12:172][441]LogContentBrowser: Native class hierarchy updated for 'MovieSceneCapture' in 0.0006 seconds. Added 11 classes and 0 folders.
[2018.07.12-18.37.12:175][441]PIE: Play in editor start time for /Game/UEDPIE_0_NewMap 0.609
[2018.07.12-18.37.20:714][709]LogEditorViewport: Clicking on Actor (LMB): bp_ball_C (bp_ball)
[2018.07.12-18.37.36:446][951]LogSlate: FSceneViewport::OnFocusLost() reason 0
[2018.07.12-18.37.53:007][128]LogFactory: FactoryCreateFile: StaticMesh with FbxFactory (0 0 C:\and_web_assets\UE\Projects\PinballAssets\PinballAssets\SM_PopBumperMechanism.FBX)
[2018.07.12-18.37.53:016][128]LogFbx: ItemName: GlobalSettings, ItemCount : 1
[2018.07.12-18.37.53:016][128]LogFbx: ItemName: AnimationStack, ItemCount : 1
[2018.07.12-18.37.53:016][128]LogFbx: ItemName: AnimationLayer, ItemCount : 1
[2018.07.12-18.37.53:016][128]LogFbx: ItemName: Model, ItemCount : 1
[2018.07.12-18.37.53:016][128]LogFbx: ItemName: Geometry, ItemCount : 1
[2018.07.12-18.37.53:016][128]LogFbx: ItemName: Material, ItemCount : 1
[2018.07.12-18.37.53:016][128]LogFbx: ItemName: Texture, ItemCount : 1
[2018.07.12-18.37.53:016][128]LogFbx: ItemName: Video, ItemCount : 1
[2018.07.12-18.37.53:021][128]LogFbx: Loading FBX Scene from C:\and_web_assets\UE\Projects\PinballAssets\PinballAssets\SM_PopBumperMechanism.FBX
[2018.07.12-18.37.53:028][128]LogFbx: FBX Scene Loaded Succesfully
[2018.07.12-18.37.57:342][128]LogSlate: Window 'FBX Import Options' being destroyed
[2018.07.12-18.37.57:367][128]LogFbx: Loading FBX Scene from C:\and_web_assets\UE\Projects\PinballAssets\PinballAssets\SM_PopBumperMechanism.FBX
[2018.07.12-18.37.57:375][128]LogFbx: FBX Scene Loaded Succesfully
[2018.07.12-18.37.57:378][128]LogStaticMesh: Building static mesh SM_PopBumperMechanism...
[2018.07.12-18.37.57:390][128]LogStaticMesh: Built static mesh [0.01s] /Game/Assets/SM_PopBumperMechanism.SM_PopBumperMechanism
[2018.07.12-18.37.57:396][128]FBXImport: Warning: No smoothing group information was found in this FBX scene.  Please make sure to enable the 'Export Smoothing Groups' option in the FBX Exporter plug-in before exporting the file.  Even for tools that don't support smoothing groups, the FBX Exporter will generate appropriate smoothing data at export-time so that correct vertex normals can be inferred while importing. 
[2018.07.12-18.37.57:421][128]LogFactory: FactoryCreateFile: StaticMesh with FbxFactory (0 0 C:\and_web_assets\UE\Projects\PinballAssets\PinballAssets\SM_PopBumperBase.FBX)
[2018.07.12-18.37.57:435][128]LogFbx: Loading FBX Scene from C:\and_web_assets\UE\Projects\PinballAssets\PinballAssets\SM_PopBumperBase.FBX
[2018.07.12-18.37.57:445][128]LogFbx: FBX Scene Loaded Succesfully
[2018.07.12-18.37.57:454][128]LogStaticMesh: Building static mesh SM_PopBumperBase...
[2018.07.12-18.37.57:504][128]LogStaticMesh: Built static mesh [0.05s] /Game/Assets/SM_PopBumperBase.SM_PopBumperBase
[2018.07.12-18.37.57:519][128]FBXImport: Warning: No smoothing group information was found in this FBX scene.  Please make sure to enable the 'Export Smoothing Groups' option in the FBX Exporter plug-in before exporting the file.  Even for tools that don't support smoothing groups, the FBX Exporter will generate appropriate smoothing data at export-time so that correct vertex normals can be inferred while importing. 
[2018.07.12-18.37.59:841][171]LogSlate: Window 'Message Log' being destroyed
[2018.07.12-18.37.59:869][171]LogSlate: Window 'Message Log' being destroyed
[2018.07.12-18.38.01:926][221]LogSlate: FSceneViewport::OnFocusLost() reason 2
[2018.07.12-18.38.01:935][221]Cmd: OBJ SAVEPACKAGE PACKAGE="/Game/NewMap" FILE="../../../../Projects/pinball/Content/NewMap.umap" SILENT=true AUTOSAVING=false KEEPDIRTY=false
[2018.07.12-18.38.01:984][221]LogSavePackage: Save=20.33ms
[2018.07.12-18.38.01:984][221]LogSavePackage: Moving '../../../../Projects/pinball/Saved/NewMap0D1B501246964C006FB5B79740982752.tmp' to '../../../../Projects/pinball/Content/NewMap.umap'
[2018.07.12-18.38.01:986][221]LogSavePackage: Display: Finished SavePackage ../../../../Projects/pinball/Content/NewMap.umap
[2018.07.12-18.38.02:011][221]Cmd: OBJ SAVEPACKAGE PACKAGE="/Game/NewMap_BuiltData" FILE="../../../../Projects/pinball/Content/NewMap_BuiltData.uasset" SILENT=true
[2018.07.12-18.38.02:032][221]LogSavePackage: Save=18.81ms
[2018.07.12-18.38.02:032][221]LogSavePackage: Moving '../../../../Projects/pinball/Saved/NewMap_BuiltData06AD7AA64554D53BF53D3EAB8D0AFA46.tmp' to '../../../../Projects/pinball/Content/NewMap_BuiltData.uasset'
[2018.07.12-18.38.02:033][221]LogSavePackage: Display: Finished SavePackage ../../../../Projects/pinball/Content/NewMap_BuiltData.uasset
[2018.07.12-18.38.31:789][388]LogSlate: FSceneViewport::OnFocusLost() reason 0
[2018.07.12-18.38.37:842][448]LogSlate: Window 'Pick Parent Class' being destroyed
[2018.07.12-18.38.54:744][726]LogMetaData: Removing '/Game/Blueprints/bp_bumper.bp_bumper:UserConstructionScript.K2Node_FunctionEntry_0' ref from Metadata '/Game/Blueprints/NewBlueprint.PackageMetaData'
[2018.07.12-18.38.54:744][726]LogMetaData: Removing '/Game/Blueprints/bp_bumper.SKEL_bp_bumper_C' ref from Metadata '/Game/Blueprints/NewBlueprint.PackageMetaData'
[2018.07.12-18.38.54:744][726]LogMetaData: Removing '/Game/Blueprints/bp_bumper.bp_bumper_C' ref from Metadata '/Game/Blueprints/NewBlueprint.PackageMetaData'
[2018.07.12-18.38.54:744][726]LogMetaData: Removing '/Game/Blueprints/bp_bumper.bp_bumper:EventGraph.K2Node_Event_0' ref from Metadata '/Game/Blueprints/NewBlueprint.PackageMetaData'
[2018.07.12-18.38.54:744][726]LogMetaData: Removing '/Game/Blueprints/bp_bumper.bp_bumper:EventGraph.K2Node_Event_1' ref from Metadata '/Game/Blueprints/NewBlueprint.PackageMetaData'
[2018.07.12-18.38.54:744][726]LogMetaData: Removing '/Game/Blueprints/bp_bumper.bp_bumper:EventGraph.K2Node_Event_2' ref from Metadata '/Game/Blueprints/NewBlueprint.PackageMetaData'
[2018.07.12-18.38.54:761][726]Cmd: OBJ SAVEPACKAGE PACKAGE="/Game/Blueprints/bp_bumper" FILE="../../../../Projects/pinball/Content/Blueprints/bp_bumper.uasset" SILENT=true
[2018.07.12-18.38.54:793][726]LogSavePackage: Save=25.86ms
[2018.07.12-18.38.54:793][726]LogSavePackage: Moving '../../../../Projects/pinball/Saved/bp_bumper4B4D35974FD29E3F8790B0AC8F4F5228.tmp' to '../../../../Projects/pinball/Content/Blueprints/bp_bumper.uasset'
[2018.07.12-18.38.54:795][726]LogSavePackage: Display: Finished SavePackage ../../../../Projects/pinball/Content/Blueprints/bp_bumper.uasset
[2018.07.12-18.39.45:721][301]Cmd: OBJ SAVEPACKAGE PACKAGE="/Game/Blueprints/bp_bumper" FILE="../../../../Projects/pinball/Content/Blueprints/bp_bumper.uasset" SILENT=true
[2018.07.12-18.39.45:766][301]LogSavePackage: Save=19.23ms
[2018.07.12-18.39.45:766][301]LogSavePackage: Moving '../../../../Projects/pinball/Saved/bp_bumper07DFEDCC426BF8DA568807BF7FF2251C.tmp' to '../../../../Projects/pinball/Content/Blueprints/bp_bumper.uasset'
[2018.07.12-18.39.45:771][301]LogSavePackage: Display: Finished SavePackage ../../../../Projects/pinball/Content/Blueprints/bp_bumper.uasset
[2018.07.12-18.40.10:196][561]LogSlate: FSceneViewport::OnFocusLost() reason 0
[2018.07.12-18.40.27:256][789]LogSlate: FSceneViewport::OnFocusLost() reason 0
[2018.07.12-18.40.30:428][833]LogSlate: FSceneViewport::OnFocusLost() reason 0
[2018.07.12-18.40.30:688][834]Cmd: OBJ SAVEPACKAGE PACKAGE="/Game/Blueprints/bp_bumper" FILE="../../../../Projects/pinball/Content/Blueprints/bp_bumper.uasset" SILENT=true
[2018.07.12-18.40.30:744][834]LogSavePackage: Save=49.30ms
[2018.07.12-18.40.30:744][834]LogSavePackage: Moving '../../../../Projects/pinball/Saved/bp_bumperB8B5903E47BF72572D6EBCA0642E37C2.tmp' to '../../../../Projects/pinball/Content/Blueprints/bp_bumper.uasset'
[2018.07.12-18.40.30:749][834]LogSavePackage: Display: Finished SavePackage ../../../../Projects/pinball/Content/Blueprints/bp_bumper.uasset
[2018.07.12-18.41.13:342][ 24]LogSlate: Window 'bp_bumper' being destroyed
[2018.07.12-18.41.13:418][ 24]LogSlate: Window 'bp_bumper' being destroyed
[2018.07.12-18.48.02:674][342]LogFileHelpers: Editor autosave (incl. sublevels) for '/Game/NewMap' took 0.028
[2018.07.12-18.48.02:676][342]OBJ SavePackage: Generating thumbnails for [1] asset(s) in package [/Game/Assets/SM_PopBumperMechanism] ([1] browsable assets)...
[2018.07.12-18.48.02:708][342]OBJ SavePackage:     Rendered thumbnail for [StaticMesh /Game/Assets/SM_PopBumperMechanism.SM_PopBumperMechanism]
[2018.07.12-18.48.02:708][342]OBJ SavePackage: Finished generating thumbnails for package [/Game/Assets/SM_PopBumperMechanism]
[2018.07.12-18.48.02:708][342]Cmd: OBJ SAVEPACKAGE PACKAGE="/Game/Assets/SM_PopBumperMechanism" FILE="../../../../Projects/pinball/Saved/Autosaves/Game/Assets/SM_PopBumperMechanism_Auto1.uasset" SILENT=false AUTOSAVING=true
[2018.07.12-18.48.02:725][342]LogSavePackage: Save=14.77ms
[2018.07.12-18.48.02:725][342]LogSavePackage: Moving '../../../../Projects/pinball/Saved/SM_PopBumperMechanism_Auto1B34BD31448D2A45969CC529284554452.tmp' to '../../../../Projects/pinball/Saved/Autosaves/Game/Assets/SM_PopBumperMechanism_Auto1.uasset'
[2018.07.12-18.48.02:725][342]LogSavePackage: Display: Finished SavePackage ../../../../Projects/pinball/Saved/Autosaves/Game/Assets/SM_PopBumperMechanism_Auto1.uasset
[2018.07.12-18.48.02:726][342]OBJ SavePackage: Generating thumbnails for [1] asset(s) in package [/Game/Assets/SM_PopBumperBase] ([1] browsable assets)...
[2018.07.12-18.48.02:754][342]OBJ SavePackage:     Rendered thumbnail for [StaticMesh /Game/Assets/SM_PopBumperBase.SM_PopBumperBase]
[2018.07.12-18.48.02:754][342]OBJ SavePackage: Finished generating thumbnails for package [/Game/Assets/SM_PopBumperBase]
[2018.07.12-18.48.02:754][342]Cmd: OBJ SAVEPACKAGE PACKAGE="/Game/Assets/SM_PopBumperBase" FILE="../../../../Projects/pinball/Saved/Autosaves/Game/Assets/SM_PopBumperBase_Auto1.uasset" SILENT=false AUTOSAVING=true
[2018.07.12-18.48.02:768][342]LogSavePackage: Save=12.03ms
[2018.07.12-18.48.02:768][342]LogSavePackage: Moving '../../../../Projects/pinball/Saved/SM_PopBumperBase_Auto19871E7D841B023ABA04DB5B479E5AC95.tmp' to '../../../../Projects/pinball/Saved/Autosaves/Game/Assets/SM_PopBumperBase_Auto1.uasset'
[2018.07.12-18.48.02:769][342]LogSavePackage: Display: Finished SavePackage ../../../../Projects/pinball/Saved/Autosaves/Game/Assets/SM_PopBumperBase_Auto1.uasset
[2018.07.12-18.48.02:769][342]LogFileHelpers: Auto-saving content packages took 0.094
